2023-03-27 22:41:57,258 [INFO] Activator:179 - 


2023-03-27 22:41:57,259 [INFO] Activator:180 - !SESSION log4j initialized
2023-03-27 22:42:56,692 [INFO] Activator:179 - 


2023-03-27 22:42:56,693 [INFO] Activator:180 - !SESSION log4j initialized
2023-03-27 22:43:19,681 [ERROR] LogOutputStream:74 - [STDERR_REDIRECT] SLF4J: Failed to load class "org.slf4j.impl.StaticLoggerBinder".
2023-03-27 22:43:19,682 [ERROR] LogOutputStream:74 - [STDERR_REDIRECT] SLF4J: Defaulting to no-operation (NOP) logger implementation
2023-03-27 22:43:19,683 [ERROR] LogOutputStream:74 - [STDERR_REDIRECT] SLF4J: See http://www.slf4j.org/codes.html#StaticLoggerBinder for further details.
2023-03-27 22:50:03,679 [INFO] Activator:176 - 


2023-03-27 22:50:03,681 [INFO] Activator:177 - !SESSION log4j initialized
2023-03-27 22:50:06,931 [INFO] LogOutputStream:77 - [STDOUT_REDIRECT] 
2023-03-27 22:50:26,234 [ERROR] LogOutputStream:75 - [STDERR_REDIRECT] SLF4J: Failed to load class "org.slf4j.impl.StaticLoggerBinder".
2023-03-27 22:50:26,234 [ERROR] LogOutputStream:75 - [STDERR_REDIRECT] SLF4J: Defaulting to no-operation (NOP) logger implementation
2023-03-27 22:50:26,237 [ERROR] LogOutputStream:75 - [STDERR_REDIRECT] SLF4J: See http://www.slf4j.org/codes.html#StaticLoggerBinder for further details.
2023-03-27 23:12:55,925 [INFO] Activator:176 - 


2023-03-27 23:12:55,926 [INFO] Activator:177 - !SESSION log4j initialized
2023-03-27 23:12:59,059 [INFO] LogOutputStream:77 - [STDOUT_REDIRECT] 
2023-03-27 23:13:18,252 [ERROR] LogOutputStream:75 - [STDERR_REDIRECT] SLF4J: Failed to load class "org.slf4j.impl.StaticLoggerBinder".
2023-03-27 23:13:18,252 [ERROR] LogOutputStream:75 - [STDERR_REDIRECT] SLF4J: Defaulting to no-operation (NOP) logger implementation
2023-03-27 23:13:18,253 [ERROR] LogOutputStream:75 - [STDERR_REDIRECT] SLF4J: See http://www.slf4j.org/codes.html#StaticLoggerBinder for further details.
2023-03-27 23:13:30,833 [INFO] ApplicationProperties:184 - Using Application install path: C:\ST\STM32CubeIDE_1.9.0\STM32CubeIDE\plugins\com.st.stm32cube.common.mx_6.8.0.202302231600
2023-03-27 23:13:30,853 [INFO] DbMcusXml:78 - Set database path to: C:\ST\STM32CubeIDE_1.9.0\STM32CubeIDE\plugins\com.st.stm32cube.common.mx_6.8.0.202302231600\\db\/mcu/
2023-03-27 23:13:30,853 [INFO] ApiDb:274 - Set plugin database path to: C:\ST\STM32CubeIDE_1.9.0\STM32CubeIDE\plugins\com.st.stm32cube.common.mx_6.8.0.202302231600\\db\/plugins/boardmanager/
2023-03-27 23:13:30,855 [WARN] ApiDb:259 - Overriding images path with different value:  => C:\ST\STM32CubeIDE_1.9.0\STM32CubeIDE\plugins\com.st.stm32cube.common.mx_6.8.0.202302231600\\db\/plugins/mcufinder/images/
2023-03-27 23:13:32,293 [INFO] ApiDb:250 - Set database path to: C:\Users\alexa\.stmcufinder\plugins\mcufinder//mcu/
2023-03-27 23:13:32,295 [INFO] DbMcusAds:125 - Set database path to: C:\Users\alexa\.stmcufinder\plugins\mcufinder//mcu/
2023-03-27 23:13:32,418 [INFO] CrossReferenceDbSqlite:203 - Set database path to: C:\Users\alexa\.stmcufinder\plugins\mcufinder//mcu/cs/
2023-03-27 23:13:32,530 [INFO] RulesReader:64 - Compatibility file has been processed (293 Rules)
2023-03-27 23:13:32,623 [INFO] DbMcusXml:78 - Set database path to: C:\ST\STM32CubeIDE_1.9.0\STM32CubeIDE\plugins\com.st.stm32cube.common.mx_6.8.0.202302231600\\db\/mcu/
2023-03-27 23:13:32,623 [INFO] ApiDb:274 - Set plugin database path to: C:\ST\STM32CubeIDE_1.9.0\STM32CubeIDE\plugins\com.st.stm32cube.common.mx_6.8.0.202302231600\\db\/plugins/boardmanager/
2023-03-27 23:13:32,623 [INFO] ApiDb:261 - Set plugin images path to: C:\ST\STM32CubeIDE_1.9.0\STM32CubeIDE\plugins\com.st.stm32cube.common.mx_6.8.0.202302231600\\db\/plugins/mcufinder/images/
2023-03-27 23:13:32,623 [WARN] DbFile:41 - Overriding database path with different value: C:\Users\alexa\.stmcufinder\plugins\mcufinder/ => C:\Users\alexa\.stmcufinder\plugins\mcufinder
2023-03-27 23:13:32,625 [INFO] ApiDb:250 - Set database path to: C:\Users\alexa\.stmcufinder\plugins\mcufinder//mcu/
2023-03-27 23:13:32,625 [WARN] DbFile:41 - Overriding database path with different value: C:\Users\alexa\.stmcufinder\plugins\mcufinder/ => C:\Users\alexa\.stmcufinder\plugins\mcufinder
2023-03-27 23:13:32,625 [INFO] DbMcusAds:125 - Set database path to: C:\Users\alexa\.stmcufinder\plugins\mcufinder//mcu/
2023-03-27 23:13:32,625 [WARN] DbFile:41 - Overriding database path with different value: C:\Users\alexa\.stmcufinder\plugins\mcufinder/ => C:\Users\alexa\.stmcufinder\plugins\mcufinder
2023-03-27 23:13:32,625 [WARN] DbFile:41 - Overriding database path with different value: C:\Users\alexa\.stmcufinder\plugins\mcufinder/ => C:\Users\alexa\.stmcufinder\plugins\mcufinder
2023-03-27 23:13:32,625 [INFO] CrossReferenceDbSqlite:203 - Set database path to: C:\Users\alexa\.stmcufinder\plugins\mcufinder//mcu/cs/
2023-03-27 23:13:32,732 [INFO] MainPanel:253 - HeapMemory: 268435456
2023-03-27 23:13:32,805 [INFO] DbMcusXml:78 - Set database path to: C:\ST\STM32CubeIDE_1.9.0\STM32CubeIDE\plugins\com.st.stm32cube.common.mx_6.8.0.202302231600\\db\/mcu/
2023-03-27 23:13:32,805 [INFO] ApiDb:274 - Set plugin database path to: C:\ST\STM32CubeIDE_1.9.0\STM32CubeIDE\plugins\com.st.stm32cube.common.mx_6.8.0.202302231600\\db\/plugins/boardmanager/
2023-03-27 23:13:32,805 [INFO] ApiDb:261 - Set plugin images path to: C:\ST\STM32CubeIDE_1.9.0\STM32CubeIDE\plugins\com.st.stm32cube.common.mx_6.8.0.202302231600\\db\/plugins/mcufinder/images/
2023-03-27 23:13:32,806 [WARN] DbFile:41 - Overriding database path with different value: C:\Users\alexa\.stmcufinder\plugins\mcufinder/ => C:\Users\alexa\.stmcufinder\plugins\mcufinder
2023-03-27 23:13:32,806 [INFO] ApiDb:250 - Set database path to: C:\Users\alexa\.stmcufinder\plugins\mcufinder//mcu/
2023-03-27 23:13:32,806 [WARN] DbFile:41 - Overriding database path with different value: C:\Users\alexa\.stmcufinder\plugins\mcufinder/ => C:\Users\alexa\.stmcufinder\plugins\mcufinder
2023-03-27 23:13:32,806 [INFO] DbMcusAds:125 - Set database path to: C:\Users\alexa\.stmcufinder\plugins\mcufinder//mcu/
2023-03-27 23:13:32,806 [WARN] DbFile:41 - Overriding database path with different value: C:\Users\alexa\.stmcufinder\plugins\mcufinder/ => C:\Users\alexa\.stmcufinder\plugins\mcufinder
2023-03-27 23:13:32,806 [WARN] DbFile:41 - Overriding database path with different value: C:\Users\alexa\.stmcufinder\plugins\mcufinder/ => C:\Users\alexa\.stmcufinder\plugins\mcufinder
2023-03-27 23:13:32,806 [INFO] CrossReferenceDbSqlite:203 - Set database path to: C:\Users\alexa\.stmcufinder\plugins\mcufinder//mcu/cs/
2023-03-27 23:13:32,826 [INFO] ApplicationProperties:184 - Using Application install path: C:\ST\STM32CubeIDE_1.9.0\STM32CubeIDE\plugins\com.st.stm32cube.common.mx_6.8.0.202302231600
2023-03-27 23:13:32,828 [INFO] PluginManage:196 - Search for loadable plugins [exclusion list=, ]
2023-03-27 23:13:32,829 [INFO] PluginManage:310 - Check plugin analytics
2023-03-27 23:13:32,966 [INFO] AnalyticsPlugin:253 - Accepted Software Licenses: STM32CubeMX.6.5.0
2023-03-27 23:13:32,967 [INFO] AnalyticsPlugin:255 - Accepted CMSIS Pack Licenses: 
2023-03-27 23:13:32,967 [INFO] AnalyticsPlugin:257 - Accepted Firmware Licenses: 
2023-03-27 23:13:32,975 [INFO] PluginManage:359 - Loaded plugin analytics (category:tool,tabindex:-1)
2023-03-27 23:13:32,975 [INFO] PluginManage:310 - Check plugin cadmodel
2023-03-27 23:13:32,982 [INFO] CADModel:105 - Init CAD model plugin
2023-03-27 23:13:32,982 [INFO] PluginManage:359 - Loaded plugin cadmodel (category:power,tabindex:5)
2023-03-27 23:13:32,983 [INFO] PluginManage:310 - Check plugin clock
2023-03-27 23:13:32,998 [INFO] PluginManage:359 - Loaded plugin clock (category:base,tabindex:2)
2023-03-27 23:13:32,998 [INFO] PluginManage:310 - Check plugin ddr
2023-03-27 23:13:33,002 [INFO] PluginManage:359 - Loaded plugin ddr (category:tool,tabindex:6)
2023-03-27 23:13:33,002 [INFO] PluginManage:310 - Check plugin filemanager
2023-03-27 23:13:33,165 [INFO] PluginManage:359 - Loaded plugin filemanager (category:base,tabindex:10)
2023-03-27 23:13:33,165 [INFO] PluginManage:310 - Check plugin ipmanager
2023-03-27 23:13:33,177 [INFO] PluginManage:359 - Loaded plugin ipmanager (category:base,tabindex:5)
2023-03-27 23:13:33,178 [INFO] PluginManage:310 - Check plugin lpbam
2023-03-27 23:13:33,191 [INFO] PluginManage:359 - Loaded plugin lpbam (category:base,tabindex:0)
2023-03-27 23:13:33,191 [INFO] PluginManage:310 - Check plugin pinoutandconfiguration
2023-03-27 23:13:33,203 [INFO] PluginManage:359 - Loaded plugin pinoutandconfiguration (category:base,tabindex:1)
2023-03-27 23:13:33,203 [INFO] PluginManage:310 - Check plugin pinoutconfig
2023-03-27 23:13:33,299 [WARN] SupportedApi:132 - Cannot load RTOS API schema: s4s-elt-must-match.1: The content of 'definitions' must match (annotation?, (simpleType | complexType)?, (unique | key | keyref)*)). A problem was found starting at: attribute.
2023-03-27 23:13:33,437 [INFO] PluginManage:359 - Loaded plugin pinoutconfig (category:base,tabindex:0)
2023-03-27 23:13:33,437 [INFO] PluginManage:310 - Check plugin power
2023-03-27 23:13:33,450 [INFO] PluginManage:359 - Loaded plugin power (category:power,tabindex:4)
2023-03-27 23:13:33,451 [INFO] PluginManage:310 - Check plugin projectmanager
2023-03-27 23:13:33,472 [INFO] PluginManage:359 - Loaded plugin projectmanager (category:projectmanager,tabindex:3)
2023-03-27 23:13:33,472 [INFO] PluginManage:310 - Check plugin thirdparty
2023-03-27 23:13:33,635 [INFO] PluginManage:359 - Loaded plugin thirdparty (category:base,tabindex:-1)
2023-03-27 23:13:33,635 [WARN] IntegrityCheckThread:84 - waiting for thirdparty lock release [integrity check]
2023-03-27 23:13:33,636 [INFO] PluginManage:310 - Check plugin tools
2023-03-27 23:13:33,636 [INFO] IntegrityCheckThread:86 - entering critical section [integrity check]
2023-03-27 23:13:33,638 [INFO] ThirdPartyUpdaterWithRetryManager:70 - Updater plugin not ready yet. [1/15]
2023-03-27 23:13:33,638 [INFO] PluginManage:359 - Loaded plugin tools (category:base,tabindex:7)
2023-03-27 23:13:33,639 [INFO] PluginManage:310 - Check plugin tutovideos
2023-03-27 23:13:33,870 [INFO] PluginManage:359 - Loaded plugin tutovideos (category:base,tabindex:-1)
2023-03-27 23:13:33,870 [INFO] PluginManage:310 - Check plugin updater
2023-03-27 23:13:33,913 [INFO] PluginManage:359 - Loaded plugin updater (category:base,tabindex:12)
2023-03-27 23:13:33,913 [INFO] PluginManage:283 - PluginManage : Loaded plugins [15]
2023-03-27 23:13:34,167 [INFO] PinOutPanel:1499 - setPackage(No Configuration,No Configuration)
2023-03-27 23:13:34,251 [INFO] CADModel:165 - CPN selected for project level
2023-03-27 23:13:34,251 [INFO] CADModel:114 - Register for checkConnection events
2023-03-27 23:13:34,272 [INFO] IPUIPlugin:80 - create IPUIPlugin
2023-03-27 23:13:34,272 [INFO] PluginManager:220 - loadIPPluginJar : add adc
2023-03-27 23:13:34,274 [INFO] IPUIPlugin:80 - create IPUIPlugin
2023-03-27 23:13:34,275 [INFO] PluginManager:220 - loadIPPluginJar : add aes
2023-03-27 23:13:34,277 [INFO] IPUIPlugin:80 - create IPUIPlugin
2023-03-27 23:13:34,277 [INFO] PluginManager:220 - loadIPPluginJar : add can
2023-03-27 23:13:34,279 [INFO] IPUIPlugin:80 - create IPUIPlugin
2023-03-27 23:13:34,279 [INFO] PluginManager:220 - loadIPPluginJar : add comp
2023-03-27 23:13:34,283 [INFO] IPUIPlugin:80 - create IPUIPlugin
2023-03-27 23:13:34,283 [INFO] PluginManager:220 - loadIPPluginJar : add cryp
2023-03-27 23:13:34,288 [INFO] IPUIPlugin:80 - create IPUIPlugin
2023-03-27 23:13:34,288 [INFO] PluginManager:220 - loadIPPluginJar : add dfsdm
2023-03-27 23:13:34,295 [INFO] IPUIPlugin:80 - create IPUIPlugin
2023-03-27 23:13:34,298 [INFO] PluginManager:220 - loadIPPluginJar : add dma
2023-03-27 23:13:34,304 [INFO] IPUIPlugin:80 - create IPUIPlugin
2023-03-27 23:13:34,304 [INFO] PluginManager:220 - loadIPPluginJar : add dma3
2023-03-27 23:13:34,305 [INFO] IPUIPlugin:80 - create IPUIPlugin
2023-03-27 23:13:34,305 [INFO] PluginManager:220 - loadIPPluginJar : add fatfs
2023-03-27 23:13:34,312 [INFO] IPUIPlugin:80 - create IPUIPlugin
2023-03-27 23:13:34,312 [INFO] PluginManager:220 - loadIPPluginJar : add fmc
2023-03-27 23:13:34,321 [INFO] IPUIPlugin:80 - create IPUIPlugin
2023-03-27 23:13:34,321 [INFO] PluginManager:220 - loadIPPluginJar : add freertos
2023-03-27 23:13:34,339 [INFO] IPUIPlugin:80 - create IPUIPlugin
2023-03-27 23:13:34,339 [INFO] PluginManager:220 - loadIPPluginJar : add genericplugin
2023-03-27 23:13:34,341 [INFO] IPUIPlugin:80 - create IPUIPlugin
2023-03-27 23:13:34,342 [INFO] PluginManager:220 - loadIPPluginJar : add gfxmmu
2023-03-27 23:13:34,351 [INFO] IPUIPlugin:80 - create IPUIPlugin
2023-03-27 23:13:34,352 [INFO] PluginManager:220 - loadIPPluginJar : add gic
2023-03-27 23:13:34,357 [INFO] IPUIPlugin:80 - create IPUIPlugin
2023-03-27 23:13:34,357 [INFO] PluginManager:220 - loadIPPluginJar : add gpio
2023-03-27 23:13:34,361 [INFO] IPUIPlugin:80 - create IPUIPlugin
2023-03-27 23:13:34,361 [INFO] PluginManager:220 - loadIPPluginJar : add gtzc
2023-03-27 23:13:34,365 [INFO] IPUIPlugin:80 - create IPUIPlugin
2023-03-27 23:13:34,365 [INFO] PluginManager:220 - loadIPPluginJar : add hash
2023-03-27 23:13:34,368 [INFO] IPUIPlugin:80 - create IPUIPlugin
2023-03-27 23:13:34,368 [INFO] PluginManager:220 - loadIPPluginJar : add i2c
2023-03-27 23:13:34,370 [INFO] IPUIPlugin:80 - create IPUIPlugin
2023-03-27 23:13:34,371 [INFO] PluginManager:220 - loadIPPluginJar : add i2s
2023-03-27 23:13:34,375 [INFO] IPUIPlugin:80 - create IPUIPlugin
2023-03-27 23:13:34,375 [INFO] PluginManager:220 - loadIPPluginJar : add i3c
2023-03-27 23:13:34,379 [INFO] IPUIPlugin:80 - create IPUIPlugin
2023-03-27 23:13:34,379 [INFO] PluginManager:220 - loadIPPluginJar : add ipddr
2023-03-27 23:13:34,386 [INFO] IPUIPlugin:80 - create IPUIPlugin
2023-03-27 23:13:34,386 [INFO] PluginManager:220 - loadIPPluginJar : add linkedlist
2023-03-27 23:13:34,389 [INFO] IPUIPlugin:80 - create IPUIPlugin
2023-03-27 23:13:34,389 [INFO] PluginManager:220 - loadIPPluginJar : add lorawan
2023-03-27 23:13:34,390 [INFO] IPUIPlugin:80 - create IPUIPlugin
2023-03-27 23:13:34,390 [INFO] PluginManager:220 - loadIPPluginJar : add ltdc
2023-03-27 23:13:34,405 [INFO] IPUIPlugin:80 - create IPUIPlugin
2023-03-27 23:13:34,406 [INFO] PluginManager:220 - loadIPPluginJar : add mdma
2023-03-27 23:13:34,410 [INFO] IPUIPlugin:80 - create IPUIPlugin
2023-03-27 23:13:34,411 [INFO] PluginManager:220 - loadIPPluginJar : add nvic
2023-03-27 23:13:34,413 [INFO] IPUIPlugin:80 - create IPUIPlugin
2023-03-27 23:13:34,413 [INFO] PluginManager:220 - loadIPPluginJar : add opamp
2023-03-27 23:13:34,418 [INFO] IPUIPlugin:80 - create IPUIPlugin
2023-03-27 23:13:34,418 [INFO] PluginManager:220 - loadIPPluginJar : add openamp
2023-03-27 23:13:34,422 [INFO] IPUIPlugin:80 - create IPUIPlugin
2023-03-27 23:13:34,422 [INFO] PluginManager:220 - loadIPPluginJar : add pdm2pcm
2023-03-27 23:13:34,432 [INFO] IPUIPlugin:80 - create IPUIPlugin
2023-03-27 23:13:34,440 [INFO] PluginManager:220 - loadIPPluginJar : add plateformsettings
2023-03-27 23:13:34,442 [INFO] IPUIPlugin:80 - create IPUIPlugin
2023-03-27 23:13:34,443 [INFO] PluginManager:220 - loadIPPluginJar : add quadspi
2023-03-27 23:13:34,450 [INFO] IPUIPlugin:80 - create IPUIPlugin
2023-03-27 23:13:34,451 [INFO] PluginManager:220 - loadIPPluginJar : add resmgrutility
2023-03-27 23:13:34,458 [INFO] IPUIPlugin:80 - create IPUIPlugin
2023-03-27 23:13:34,458 [INFO] PluginManager:220 - loadIPPluginJar : add sai
2023-03-27 23:13:34,462 [INFO] IPUIPlugin:80 - create IPUIPlugin
2023-03-27 23:13:34,462 [INFO] PluginManager:220 - loadIPPluginJar : add spi
2023-03-27 23:13:34,470 [INFO] IPUIPlugin:80 - create IPUIPlugin
2023-03-27 23:13:34,470 [INFO] PluginManager:220 - loadIPPluginJar : add stm32_wpan
2023-03-27 23:13:34,473 [INFO] IPUIPlugin:80 - create IPUIPlugin
2023-03-27 23:13:34,473 [INFO] PluginManager:220 - loadIPPluginJar : add tim
2023-03-27 23:13:34,478 [INFO] IPUIPlugin:80 - create IPUIPlugin
2023-03-27 23:13:34,478 [INFO] PluginManager:220 - loadIPPluginJar : add touchsensing
2023-03-27 23:13:34,506 [INFO] IPUIPlugin:80 - create IPUIPlugin
2023-03-27 23:13:34,506 [INFO] PluginManager:220 - loadIPPluginJar : add tracer_emb
2023-03-27 23:13:34,509 [INFO] IPUIPlugin:80 - create IPUIPlugin
2023-03-27 23:13:34,509 [INFO] PluginManager:220 - loadIPPluginJar : add ts
2023-03-27 23:13:34,511 [INFO] IPUIPlugin:80 - create IPUIPlugin
2023-03-27 23:13:34,511 [INFO] PluginManager:220 - loadIPPluginJar : add tsc
2023-03-27 23:13:34,513 [INFO] IPUIPlugin:80 - create IPUIPlugin
2023-03-27 23:13:34,513 [INFO] PluginManager:220 - loadIPPluginJar : add ucpd
2023-03-27 23:13:34,517 [INFO] IPUIPlugin:80 - create IPUIPlugin
2023-03-27 23:13:34,517 [INFO] PluginManager:220 - loadIPPluginJar : add usart
2023-03-27 23:13:34,521 [INFO] IPUIPlugin:80 - create IPUIPlugin
2023-03-27 23:13:34,521 [INFO] PluginManager:220 - loadIPPluginJar : add usbx
2023-03-27 23:13:34,663 [INFO] CADModel:165 - CPN selected for project level
2023-03-27 23:13:34,663 [INFO] CADModel:114 - Register for checkConnection events
2023-03-27 23:13:34,663 [FATAL] Updater:308 - Updater called before beeing initialized
2023-03-27 23:13:34,663 [ERROR] CADModel:125 - Updater not yet initialized, retry later 
2023-03-27 23:13:34,859 [INFO] CADModel:165 - CPN selected for project level
2023-03-27 23:13:34,859 [INFO] CADModel:114 - Register for checkConnection events
2023-03-27 23:13:34,859 [FATAL] Updater:308 - Updater called before beeing initialized
2023-03-27 23:13:34,859 [ERROR] CADModel:125 - Updater not yet initialized, retry later 
2023-03-27 23:13:34,863 [FATAL] Updater:308 - Updater called before beeing initialized
2023-03-27 23:13:35,035 [FATAL] Updater:308 - Updater called before beeing initialized
2023-03-27 23:13:35,044 [INFO] DbMcusAds:53 - JSON generation date=Wed Sep 29 23:55:09 PDT 2021 (1632984909247)
2023-03-27 23:13:35,044 [FATAL] Updater:308 - Updater called before beeing initialized
2023-03-27 23:13:35,105 [WARN] DetailPanel:346 - Failed to get advertising image, set to default
2023-03-27 23:13:35,252 [FATAL] Updater:308 - Updater called before beeing initialized
2023-03-27 23:13:35,254 [FATAL] Updater:308 - Updater called before beeing initialized
2023-03-27 23:13:35,254 [FATAL] Updater:308 - Updater called before beeing initialized
2023-03-27 23:13:35,254 [WARN] DetailPanel:346 - Failed to get advertising image, set to default
2023-03-27 23:13:35,256 [FATAL] Updater:308 - Updater called before beeing initialized
2023-03-27 23:13:35,320 [ERROR] Updater:1120 - MainUpdater not yet initialized. External WinMGr cannot be set.
2023-03-27 23:13:35,322 [INFO] Updater:1056 - Updater Version found : 6.8.0
2023-03-27 23:13:35,339 [INFO] ApplicationProperties:184 - Using Application install path: C:\ST\STM32CubeIDE_1.9.0\STM32CubeIDE\plugins\com.st.stm32cube.common.mx_6.8.0.202302231600
2023-03-27 23:13:35,380 [INFO] MainUpdater:519 - Copy updater definitions from MX database
2023-03-27 23:13:35,595 [INFO] MainUpdater:2854 - connection check result : 10
2023-03-27 23:13:35,595 [INFO] MainUpdater:3548 - Updater definition file requires update
2023-03-27 23:13:35,596 [INFO] MainUpdater:283 - Updater Check For Update Now.
2023-03-27 23:13:35,598 [INFO] MicroXplorer:498 - Change Database Version : DB.6.0.80
2023-03-27 23:13:35,745 [INFO] ServerAccessManage:473 - Download File updaters.zip
2023-03-27 23:13:35,916 [INFO] FileExtend:240 - Unzip File : updaters.zip
2023-03-27 23:13:35,916 [INFO] FileExtend:255 - Standard Zip Deflate
2023-03-27 23:13:36,337 [INFO] ServerAccessManage:473 - Download File PacksControlFlags.xml
2023-03-27 23:13:36,518 [INFO] ServerAccessManage:473 - Download File cubemx.pidx
2023-03-27 23:13:36,647 [WARN] MainUpdater:1187 - Updater busy. Cannot search thirdparties
2023-03-27 23:13:36,647 [INFO] ThirdPartyUpdaterWithRetryManager:96 - Updater plugin is busy. [1/15]
2023-03-27 23:13:37,160 [INFO] ServerAccessManage:473 - Download File STMicroelectronics.X-CUBE-AI.pdsc
2023-03-27 23:13:39,658 [INFO] ServerAccessManage:473 - Download File STMicroelectronics.X-CUBE-BLEMGR.pdsc
2023-03-27 23:13:39,662 [WARN] MainUpdater:1187 - Updater busy. Cannot search thirdparties
2023-03-27 23:13:39,662 [INFO] ThirdPartyUpdaterWithRetryManager:96 - Updater plugin is busy. [2/15]
2023-03-27 23:13:40,825 [INFO] ServerAccessManage:473 - Download File STMicroelectronics.X-CUBE-DISPLAY.pdsc
2023-03-27 23:13:42,095 [INFO] ServerAccessManage:473 - Download File STMicroelectronics.X-CUBE-EEPRMA1.pdsc
2023-03-27 23:13:42,673 [WARN] MainUpdater:1187 - Updater busy. Cannot search thirdparties
2023-03-27 23:13:42,673 [INFO] ThirdPartyUpdaterWithRetryManager:96 - Updater plugin is busy. [3/15]
2023-03-27 23:13:42,775 [ERROR] ServerAccessManage:1089 - Problem, file not found on Server
2023-03-27 23:13:43,004 [INFO] ServerAccessManage:473 - Download File STMicroelectronics.X-CUBE-FREERTOS.pdsc
2023-03-27 23:13:43,548 [INFO] ServerAccessManage:473 - Download File STMicroelectronics.X-CUBE-MEMS1.pdsc
2023-03-27 23:13:45,677 [WARN] MainUpdater:1187 - Updater busy. Cannot search thirdparties
2023-03-27 23:13:45,677 [INFO] ThirdPartyUpdaterWithRetryManager:96 - Updater plugin is busy. [4/15]
2023-03-27 23:13:46,593 [INFO] ServerAccessManage:473 - Download File STMicroelectronics.X-CUBE-NFC4.pdsc
2023-03-27 23:13:48,684 [WARN] MainUpdater:1187 - Updater busy. Cannot search thirdparties
2023-03-27 23:13:48,684 [INFO] ThirdPartyUpdaterWithRetryManager:96 - Updater plugin is busy. [5/15]
2023-03-27 23:13:50,010 [INFO] ServerAccessManage:473 - Download File STMicroelectronics.X-CUBE-TOF1.pdsc
2023-03-27 23:13:51,302 [ERROR] ServerAccessManage:1089 - Problem, file not found on Server
2023-03-27 23:13:51,462 [INFO] ServerAccessManage:473 - Download File STMicroelectronics.X-CUBE-TOUCHGFX.pdsc
2023-03-27 23:13:51,692 [WARN] MainUpdater:1187 - Updater busy. Cannot search thirdparties
2023-03-27 23:13:51,692 [INFO] ThirdPartyUpdaterWithRetryManager:96 - Updater plugin is busy. [6/15]
2023-03-27 23:13:53,212 [INFO] ServerAccessManage:473 - Download File STMicroelectronics.X-CUBE-AZRTOS-H7.pdsc
2023-03-27 23:13:54,688 [INFO] ServerAccessManage:473 - Download File STMicroelectronics.X-CUBE-AZRTOS-L5.pdsc
2023-03-27 23:13:54,703 [WARN] MainUpdater:1187 - Updater busy. Cannot search thirdparties
2023-03-27 23:13:54,703 [INFO] ThirdPartyUpdaterWithRetryManager:96 - Updater plugin is busy. [7/15]
2023-03-27 23:13:55,620 [INFO] ServerAccessManage:473 - Download File STMicroelectronics.X-CUBE-AZRTOS-WB.pdsc
2023-03-27 23:13:55,964 [INFO] MainUpdater:2854 - connection check result : 10
2023-03-27 23:13:56,907 [INFO] ServerAccessManage:473 - Download File SEGGER.I-CUBE-embOS.pdsc
2023-03-27 23:13:57,705 [WARN] MainUpdater:1187 - Updater busy. Cannot search thirdparties
2023-03-27 23:13:57,705 [INFO] ThirdPartyUpdaterWithRetryManager:96 - Updater plugin is busy. [8/15]
2023-03-27 23:13:59,057 [INFO] ServerAccessManage:473 - Download File WES.I-CUBE-Cesium.pdsc
2023-03-27 23:13:59,993 [ERROR] ServerAccessManage:1089 - Problem, file not found on Server
2023-03-27 23:14:00,406 [ERROR] ServerAccessManage:1089 - Problem, file not found on Server
2023-03-27 23:14:00,490 [WARN] PackLoader:240 - Cannot read IP mode file for STMicroelectronics.X-CUBE-AI.8.0.0
2023-03-27 23:14:00,501 [WARN] PackLoader:240 - Cannot read IP mode file for STMicroelectronics.X-CUBE-BLEMGR.2.0.0
2023-03-27 23:14:00,519 [WARN] PackLoader:240 - Cannot read IP mode file for STMicroelectronics.X-CUBE-DISPLAY.3.0.0
2023-03-27 23:14:00,537 [WARN] PackLoader:240 - Cannot read IP mode file for STMicroelectronics.X-CUBE-EEPRMA1.4.1.0
2023-03-27 23:14:00,545 [WARN] PackLoader:240 - Cannot read IP mode file for STMicroelectronics.X-CUBE-FREERTOS.1.0.0
2023-03-27 23:14:00,602 [INFO] CheckServerUpdateThread:120 - End of CheckServer Thread
2023-03-27 23:14:00,622 [WARN] PackLoader:240 - Cannot read IP mode file for STMicroelectronics.X-CUBE-MEMS1.9.5.0
2023-03-27 23:14:00,659 [INFO] McuFinderGlobals:66 - Set McuFinderConnectedMode to true
2023-03-27 23:14:00,706 [WARN] MainUpdater:1187 - Updater busy. Cannot search thirdparties
2023-03-27 23:14:00,706 [INFO] ThirdPartyUpdaterWithRetryManager:96 - Updater plugin is busy. [9/15]
2023-03-27 23:14:00,917 [WARN] PackLoader:240 - Cannot read IP mode file for STMicroelectronics.X-CUBE-NFC4.3.0.0
2023-03-27 23:14:00,929 [WARN] PackLoader:240 - Cannot read IP mode file for STMicroelectronics.X-CUBE-TOF1.3.3.0
2023-03-27 23:14:00,948 [WARN] PackLoader:240 - Cannot read IP mode file for STMicroelectronics.X-CUBE-TOUCHGFX.4.21.3
2023-03-27 23:14:00,976 [WARN] PackLoader:240 - Cannot read IP mode file for STMicroelectronics.X-CUBE-AZRTOS-H7.3.0.0
2023-03-27 23:14:01,000 [WARN] PackLoader:240 - Cannot read IP mode file for STMicroelectronics.X-CUBE-AZRTOS-L5.1.1.0
2023-03-27 23:14:01,031 [WARN] PackLoader:240 - Cannot read IP mode file for STMicroelectronics.X-CUBE-AZRTOS-WB.1.1.0
2023-03-27 23:14:01,079 [WARN] PackLoader:240 - Cannot read IP mode file for SEGGER.I-CUBE-embOS.1.3.1
2023-03-27 23:14:01,096 [INFO] ServerAccessManage:473 - Download File mcusAds.json._tmp_
2023-03-27 23:14:01,146 [WARN] PackLoader:240 - Cannot read IP mode file for WES.I-CUBE-Cesium.1.3.0
2023-03-27 23:14:01,146 [INFO] PopulateThirdPartyThread:66 - Ending populate Thread
2023-03-27 23:14:01,150 [INFO] ThirdParty:1030 - CMSIS Pack Vendor :STMicroelectronics X-CUBE-DISPLAY 3.0.0
2023-03-27 23:14:01,150 [INFO] ThirdParty:1030 - CMSIS Pack Vendor :STMicroelectronics X-CUBE-AZRTOS-WB 1.1.0
2023-03-27 23:14:01,150 [INFO] ThirdParty:1030 - CMSIS Pack Vendor :SEGGER I-CUBE-embOS 1.3.1
2023-03-27 23:14:01,150 [INFO] ThirdParty:1030 - CMSIS Pack Vendor :STMicroelectronics X-CUBE-AZRTOS-L5 1.1.0
2023-03-27 23:14:01,150 [INFO] ThirdParty:1030 - CMSIS Pack Vendor :STMicroelectronics X-CUBE-BLEMGR 2.0.0
2023-03-27 23:14:01,150 [INFO] ThirdParty:1030 - CMSIS Pack Vendor :STMicroelectronics X-CUBE-NFC4 3.0.0
2023-03-27 23:14:01,151 [INFO] ThirdParty:1030 - CMSIS Pack Vendor :STMicroelectronics X-CUBE-AI 8.0.0
2023-03-27 23:14:01,151 [INFO] ThirdParty:1030 - CMSIS Pack Vendor :STMicroelectronics X-CUBE-FREERTOS 1.0.0
2023-03-27 23:14:01,151 [INFO] ThirdParty:1030 - CMSIS Pack Vendor :WES I-CUBE-Cesium 1.3.0
2023-03-27 23:14:01,151 [INFO] ThirdParty:1030 - CMSIS Pack Vendor :STMicroelectronics X-CUBE-TOUCHGFX 4.21.3
2023-03-27 23:14:01,151 [INFO] ThirdParty:1030 - CMSIS Pack Vendor :STMicroelectronics X-CUBE-EEPRMA1 4.1.0
2023-03-27 23:14:01,151 [INFO] ThirdParty:1030 - CMSIS Pack Vendor :STMicroelectronics X-CUBE-TOF1 3.3.0
2023-03-27 23:14:01,151 [INFO] ThirdParty:1030 - CMSIS Pack Vendor :STMicroelectronics X-CUBE-AZRTOS-H7 3.0.0
2023-03-27 23:14:01,151 [INFO] ThirdParty:1030 - CMSIS Pack Vendor :STMicroelectronics X-CUBE-MEMS1 9.5.0
2023-03-27 23:14:01,152 [INFO] LoadServerUpdatesThread:373 - End of LoadServerUpdate Thread
2023-03-27 23:14:01,216 [INFO] LoadUrlFilesThread:156 - End of LoadUrlFiles Thread
2023-03-27 23:14:01,582 [INFO] ServerAccessManage:473 - Download File cube-finder-db.zip
2023-03-27 23:14:03,723 [WARN] MainUpdater:1187 - Updater busy. Cannot search thirdparties
2023-03-27 23:14:03,723 [INFO] ThirdPartyUpdaterWithRetryManager:96 - Updater plugin is busy. [10/15]
2023-03-27 23:14:06,730 [WARN] MainUpdater:1187 - Updater busy. Cannot search thirdparties
2023-03-27 23:14:06,730 [INFO] ThirdPartyUpdaterWithRetryManager:96 - Updater plugin is busy. [11/15]
2023-03-27 23:14:09,759 [WARN] MainUpdater:1187 - Updater busy. Cannot search thirdparties
2023-03-27 23:14:09,759 [INFO] ThirdPartyUpdaterWithRetryManager:96 - Updater plugin is busy. [12/15]
2023-03-27 23:14:12,770 [WARN] MainUpdater:1187 - Updater busy. Cannot search thirdparties
2023-03-27 23:14:12,770 [INFO] ThirdPartyUpdaterWithRetryManager:96 - Updater plugin is busy. [13/15]
2023-03-27 23:14:15,773 [WARN] MainUpdater:1187 - Updater busy. Cannot search thirdparties
2023-03-27 23:14:15,773 [INFO] ThirdPartyUpdaterWithRetryManager:96 - Updater plugin is busy. [14/15]
2023-03-27 23:14:18,788 [WARN] MainUpdater:1187 - Updater busy. Cannot search thirdparties
2023-03-27 23:14:18,788 [INFO] ThirdPartyUpdaterWithRetryManager:96 - Updater plugin is busy. [15/15]
2023-03-27 23:14:18,788 [ERROR] IntegrityCheckThread:130 - Cannot retrieve database content from updater: error -1
2023-03-27 23:14:18,789 [INFO] ThirdParty:978 - Integrity check success = false
2023-03-27 23:14:18,789 [INFO] IntegrityCheckThread:100 - exiting critical section [integrity check]
2023-03-27 23:14:18,789 [INFO] IntegrityCheckThread:103 - End integrity checks thread
2023-03-27 23:14:23,172 [INFO] FileExtend:240 - Unzip File : cube-finder-db.zip
2023-03-27 23:14:23,172 [INFO] FileExtend:255 - Standard Zip Deflate
2023-03-27 23:14:23,868 [INFO] LoadUrlFilesThread:156 - End of LoadUrlFiles Thread
2023-03-27 23:14:24,994 [INFO] ServerAccessManage:473 - Download File crdb.zip
2023-03-27 23:14:29,014 [INFO] FileExtend:240 - Unzip File : crdb.zip
2023-03-27 23:14:29,014 [INFO] FileExtend:255 - Standard Zip Deflate
2023-03-27 23:14:29,145 [INFO] LoadUrlFilesThread:156 - End of LoadUrlFiles Thread
2023-03-27 23:14:29,540 [INFO] ServerAccessManage:473 - Download File tutoVideoDB.zip
2023-03-27 23:14:29,585 [INFO] FileExtend:240 - Unzip File : tutoVideoDB.zip
2023-03-27 23:14:29,585 [INFO] FileExtend:255 - Standard Zip Deflate
2023-03-27 23:14:29,709 [INFO] LoadUrlFilesThread:156 - End of LoadUrlFiles Thread
2023-03-27 23:14:29,713 [WARN] DbFile:41 - Overriding database path with different value: C:\Users\alexa\.stmcufinder\plugins\mcufinder/ => C:\Users\alexa\.stmcufinder\plugins\mcufinder
2023-03-27 23:14:29,909 [INFO] ServerAccessManage:473 - Download File api_config.json
2023-03-27 23:14:30,026 [INFO] LoadUrlFilesThread:156 - End of LoadUrlFiles Thread
2023-03-27 23:14:30,027 [INFO] DbMcusAds:53 - JSON generation date=Tue Mar 07 00:50:55 PST 2023 (1678179055114)
2023-03-27 23:14:30,158 [INFO] ServerAccessManage:473 - Download File 
2023-03-27 23:14:30,174 [INFO] LoadUrlFilesThread:185 - End of LoadServerUrlFiles without Thread
2023-03-27 23:14:30,175 [INFO] TargetSelectorAdapter:259 - Refresh data is successful
2023-03-27 23:14:30,249 [INFO] ApiDb:581 - Connected to CubeFinder SQLite database (C:\Users\alexa\.stmcufinder\plugins\mcufinder\mcu\cube-finder-db.db)
2023-03-27 23:14:30,308 [INFO] ApiDb:668 - CubeFinder database Data Model version=2.1
2023-03-27 23:14:30,308 [INFO] ApiDb:669 - CubeFinder database Configuration version=3.0.35
2023-03-27 23:14:30,309 [INFO] ApiDb:670 - CubeFinder database generation date=2023-03-10 (1678456172)
2023-03-27 23:14:30,309 [INFO] ApiDb:671 - CubeFinder database FW Pack versions=[FP-ATR-ASTRA1_V1.1.1, STM32Cube_FW_C0_V1.0.1, STM32Cube_FW_F0_V1.11.4, STM32Cube_FW_F3_V1.11.4, STM32Cube_FW_F4_V1.27.1, STM32Cube_FW_F7_V1.17.0, STM32Cube_FW_G0_V1.6.1, STM32Cube_FW_G4_V1.5.1, STM32Cube_FW_H5_V0.5.1, STM32Cube_FW_H5_V1.0.0, STM32Cube_FW_H7_V1.11.0, STM32Cube_FW_L0_V1.12.2, STM32Cube_FW_L5_V1.5.0, STM32Cube_FW_U5_V1.2.0, STM32Cube_FW_WBA_V1.0.0, STM32Cube_FW_WBA_V1.0.0RC1, STM32Cube_FW_WBA_V1.0.0RC3, STM32Cube_FW_WB_V1.15.0RC1, STM32Cube_FW_WB_V1.16.0, STM32Cube_FW_WB_V1.16.0RC2, STM32Cube_FW_WL_V1.3.0, X-CUBE-ALGOBUILD_V1.3.0, X-CUBE-ALS_V1.0.1, X-CUBE-AZRTOS-F4_V1.1.0, X-CUBE-AZRTOS-F7_V1.1.0, X-CUBE-AZRTOS-G0_V1.1.0, X-CUBE-AZRTOS-G4_V1.0.0, X-CUBE-AZRTOS-H7_V3.0.0, X-CUBE-AZRTOS-L4_V1.0.0, X-CUBE-AZRTOS-L5_V1.1.0, X-CUBE-AZRTOS-WB_V1.1.0, X-CUBE-AZRTOS-WL_V1.0.0, X-CUBE-BLE1_V6.2.4, X-CUBE-BLE2_V3.3.0, X-CUBE-BLEMGR_V1.3.0, X-CUBE-EEPRMA1_V4.1.0, X-CUBE-GNSS1_V6.0.0, X-CUBE-MEMS1_V9.1.0, X-CUBE-MEMS1_V9.4.0, X-CUBE-MEMS1_V9.5.0, X-CUBE-NFC4_V3.0.0, X-CUBE-NFC7_V1.0.0, X-CUBE-SFXS2LP1_V4.0.0, X-CUBE-SUBG2_V5.0.0]
2023-03-27 23:14:32,004 [INFO] ApiDb:240 - Found 297 in-development CPN: [B-G473E-ZEST1S, B-WB1M-WPAN1, B-WL5M-SUBG1, NUCLEO-C031C6, NUCLEO-H503RB, NUCLEO-H563ZI, NUCLEO-U545RE-Q, NUCLEO-U5A5ZJ-Q, NUCLEO-WBA52CG, STEVAL-PROTEUS1, STEVAL-STWINBX1, STM320518-EVAL, STM32C0116-DK, STM32C011D6Y3TR, STM32C011D6Y6TR, STM32C011F4P3, STM32C011F4P6, STM32C011F4U3, STM32C011F4U6TR, STM32C011F6P3, STM32C011F6P6, STM32C011F6U3, STM32C011F6U6TR, STM32C011J4M3, STM32C011J4M6, STM32C011J6M3, STM32C011J6M6, STM32C0316-DK, STM32C031C4T3, STM32C031C4T6, STM32C031C4U3, STM32C031C4U6, STM32C031C6T3, STM32C031C6T6, STM32C031C6U3, STM32C031C6U6, STM32C031F4P3, STM32C031F4P6, STM32C031F6P3, STM32C031F6P6, STM32C031G4U3, STM32C031G4U6, STM32C031G6U3, STM32C031G6U6, STM32C031K4T3, STM32C031K4T6, STM32C031K4U3, STM32C031K4U6, STM32C031K6T3, STM32C031K6T6, STM32C031K6U3, STM32C031K6U6, STM32G071K8TXN, STM32G071K8UXN, STM32G081GBU6N, STM32G081KBT6N, STM32G081KBUXN, STM32G0B1CCT6N, STM32G0B1KCT6, STM32G0B1NEY6TR, STM32G0B1RCT6N, STM32G0C1CCT6, STM32G0C1CCT6N, STM32G0C1CCU6N, STM32G0C1CET6N, STM32G0C1CEU6N, STM32G0C1KCT6, STM32G0C1NEY6TR, STM32G0C1RCI6N, STM32G0C1RCT6N, STM32G0C1REI6N, STM32G0C1RET6N, STM32G0C1VCI6, STM32G0C1VEI6, STM32G471CCT6, STM32G471CCU6, STM32G471CET3, STM32G471CET6, STM32G471CEU3, STM32G471CEU6, STM32G471MCT6, STM32G471MET3, STM32G471MET6, STM32G471MEY6TR, STM32G471QCT6, STM32G471QET3, STM32G471RCT6, STM32G471RET3, STM32G471RET6, STM32G471VCH6, STM32G471VCI6, STM32G471VCT6, STM32G471VEH3, STM32G471VEH6, STM32G471VEI3, STM32G471VEI6, STM32G471VET3, STM32G471VET6, STM32G474CCT6, STM32H503CBT6, STM32H503CBU6, STM32H503EBY6TR, STM32H503KBU6, STM32H503RBT6, STM32H562AGI6, STM32H562AII6, STM32H562IGK6, STM32H562IGT6, STM32H562IIK6, STM32H562IIT6, STM32H562RGT6, STM32H562RGV6, STM32H562RIT6, STM32H562RIV6, STM32H562VGT6, STM32H562VIT6, STM32H562ZGT6, STM32H562ZIT6, STM32H563AGI6, STM32H563AII3Q, STM32H563AII6, STM32H563IGK6, STM32H563IGT6, STM32H563IIK3Q, STM32H563IIK6, STM32H563IIT3Q, STM32H563IIT6, STM32H563MIY3QTR, STM32H563RGT6, STM32H563RGV6, STM32H563RIT6, STM32H563RIV6, STM32H563VGT6, STM32H563VIT3Q, STM32H563VIT6, STM32H563ZGT6, STM32H563ZIT3Q, STM32H563ZIT6, STM32H573AII3Q, STM32H573AII6, STM32H573I-DK, STM32H573IIK3Q, STM32H573IIK6, STM32H573IIT3Q, STM32H573IIT6, STM32H573MIY3QTR, STM32H573RIT6, STM32H573RIV6, STM32H573VIT3Q, STM32H573VIT6, STM32H573ZIT3Q, STM32H573ZIT6, STM32L4R5QGI6STR, STM32MP131AAE3, STM32MP131AAF3, STM32MP131AAG3, STM32MP131CAE3, STM32MP131CAF3, STM32MP131CAG3, STM32MP131DAE7, STM32MP131DAF7, STM32MP131DAG7, STM32MP131FAE7, STM32MP131FAF7, STM32MP131FAG7, STM32MP133AAE3, STM32MP133AAF3, STM32MP133AAG3, STM32MP133CAE3, STM32MP133CAF3, STM32MP133CAG3, STM32MP133DAE7, STM32MP133DAF7, STM32MP133DAG7, STM32MP133FAE7, STM32MP133FAF7, STM32MP133FAG7, STM32MP135AAE3, STM32MP135AAF3, STM32MP135AAG3, STM32MP135CAE3, STM32MP135CAF3, STM32MP135CAG3, STM32MP135DAE7, STM32MP135DAF7, STM32MP135DAG7, STM32MP135F-DK, STM32MP135FAE7, STM32MP135FAF7, STM32MP135FAF7T, STM32MP135FAF7U, STM32MP135FAG7, STM32U535CBT6, STM32U535CBT6Q, STM32U535CBU6, STM32U535CBU6Q, STM32U535CCT6, STM32U535CCT6Q, STM32U535CCU6, STM32U535CCU6Q, STM32U535CET6, STM32U535CET6Q, STM32U535CEU6, STM32U535CEU6Q, STM32U535JEY6QTR, STM32U535NCY6QTR, STM32U535NEY6QTR, STM32U535RBI6, STM32U535RBI6Q, STM32U535RBT6, STM32U535RBT6Q, STM32U535RCI6, STM32U535RCI6Q, STM32U535RCT6, STM32U535RCT6Q, STM32U535REI6, STM32U535REI6Q, STM32U535RET6, STM32U535RET6Q, STM32U535VCI6, STM32U535VCI6Q, STM32U535VCT6, STM32U535VCT6Q, STM32U535VEI6, STM32U535VEI6Q, STM32U535VET6, STM32U535VET6Q, STM32U545CET6, STM32U545CET6Q, STM32U545CEU6, STM32U545CEU6Q, STM32U545JEY6QTR, STM32U545NEY6QTR, STM32U545REI6, STM32U545REI6Q, STM32U545RET6, STM32U545RET6Q, STM32U545VEI6, STM32U545VEI6Q, STM32U545VET6, STM32U545VET6Q, STM32U595AIH6, STM32U595AIH6Q, STM32U595AJH6, STM32U595AJH6Q, STM32U595QII6, STM32U595QII6Q, STM32U595QJI6, STM32U595QJI6Q, STM32U595RIT6, STM32U595RIT6Q, STM32U595RJT6, STM32U595RJT6Q, STM32U595VIT6, STM32U595VIT6Q, STM32U595VJT6, STM32U595VJT6Q, STM32U595ZIT6, STM32U595ZIT6Q, STM32U595ZIY6QTR, STM32U595ZJT6, STM32U595ZJT6Q, STM32U595ZJY6QTR, STM32U599BJY6QTR, STM32U599NIH6Q, STM32U599NJH6Q, STM32U599VIT6Q, STM32U599VJT6, STM32U599VJT6Q, STM32U599ZIT6Q, STM32U599ZIY6QTR, STM32U599ZJT6Q, STM32U599ZJY6QTR, STM32U5A5AJH6, STM32U5A5AJH6Q, STM32U5A5QJI6, STM32U5A5QJI6Q, STM32U5A5RJT6, STM32U5A5RJT6Q, STM32U5A5VJT6, STM32U5A5VJT6Q, STM32U5A5ZJT6, STM32U5A5ZJT6Q, STM32U5A5ZJY6QTR, STM32U5A9BJY6QTR, STM32U5A9J-DK, STM32U5A9NJH6Q, STM32U5A9VJT6Q, STM32U5A9ZJT6Q, STM32U5A9ZJY6QTR, STM32WB1MMCH6, STM32WBA52CEU6, STM32WBA52CEU6T, STM32WBA52CGU6, STM32WBA52CGU6T, STM32WL5MOCH6, STM32WL5MOCH6TR]
2023-03-27 23:14:32,009 [INFO] DbMcus:216 - Found 3775 MCUs, 3775 are supported
2023-03-27 23:14:32,018 [INFO] ApiDb:423 - Load user favorites file C:\Users\alexa/.stm32cubeide/favorites.mcus.txt: 1 item(s)
2023-03-27 23:14:32,018 [INFO] ApiDb:427 - User favorites MCUs=[STM32F302C8T6]
2023-03-27 23:14:32,019 [INFO] DbMcus:222 - Set 1 / 1 favorites MCUs
2023-03-27 23:14:32,302 [INFO] ApiDb:668 - CubeFinder database Data Model version=2.1
2023-03-27 23:14:32,302 [INFO] ApiDb:669 - CubeFinder database Configuration version=3.0.35
2023-03-27 23:14:32,302 [INFO] ApiDb:670 - CubeFinder database generation date=2023-03-10 (1678456172)
2023-03-27 23:14:32,302 [INFO] ApiDb:671 - CubeFinder database FW Pack versions=[FP-ATR-ASTRA1_V1.1.1, STM32Cube_FW_C0_V1.0.1, STM32Cube_FW_F0_V1.11.4, STM32Cube_FW_F3_V1.11.4, STM32Cube_FW_F4_V1.27.1, STM32Cube_FW_F7_V1.17.0, STM32Cube_FW_G0_V1.6.1, STM32Cube_FW_G4_V1.5.1, STM32Cube_FW_H5_V0.5.1, STM32Cube_FW_H5_V1.0.0, STM32Cube_FW_H7_V1.11.0, STM32Cube_FW_L0_V1.12.2, STM32Cube_FW_L5_V1.5.0, STM32Cube_FW_U5_V1.2.0, STM32Cube_FW_WBA_V1.0.0, STM32Cube_FW_WBA_V1.0.0RC1, STM32Cube_FW_WBA_V1.0.0RC3, STM32Cube_FW_WB_V1.15.0RC1, STM32Cube_FW_WB_V1.16.0, STM32Cube_FW_WB_V1.16.0RC2, STM32Cube_FW_WL_V1.3.0, X-CUBE-ALGOBUILD_V1.3.0, X-CUBE-ALS_V1.0.1, X-CUBE-AZRTOS-F4_V1.1.0, X-CUBE-AZRTOS-F7_V1.1.0, X-CUBE-AZRTOS-G0_V1.1.0, X-CUBE-AZRTOS-G4_V1.0.0, X-CUBE-AZRTOS-H7_V3.0.0, X-CUBE-AZRTOS-L4_V1.0.0, X-CUBE-AZRTOS-L5_V1.1.0, X-CUBE-AZRTOS-WB_V1.1.0, X-CUBE-AZRTOS-WL_V1.0.0, X-CUBE-BLE1_V6.2.4, X-CUBE-BLE2_V3.3.0, X-CUBE-BLEMGR_V1.3.0, X-CUBE-EEPRMA1_V4.1.0, X-CUBE-GNSS1_V6.0.0, X-CUBE-MEMS1_V9.1.0, X-CUBE-MEMS1_V9.4.0, X-CUBE-MEMS1_V9.5.0, X-CUBE-NFC4_V3.0.0, X-CUBE-NFC7_V1.0.0, X-CUBE-SFXS2LP1_V4.0.0, X-CUBE-SUBG2_V5.0.0]
2023-03-27 23:14:32,355 [INFO] DbBoardsSqlite:226 - include board P-NUCLEO-WB55-NUCLEO as a kit item of type 'Nucleo-64'
2023-03-27 23:14:32,356 [INFO] DbBoardsSqlite:226 - include board P-NUCLEO-WB55-USBDONGLE as a kit item of type 'Nucleo USB Dongle'
2023-03-27 23:14:32,356 [INFO] DbBoardsSqlite:226 - include board STEVAL-IDP005V1 as a kit item of type 'Evaluation Board'
2023-03-27 23:14:32,356 [INFO] DbBoardsSqlite:226 - include board STEVAL-IDP005V2 as a kit item of type 'Evaluation Board'
2023-03-27 23:14:32,404 [INFO] ApiDb:240 - Found 297 in-development CPN: [B-G473E-ZEST1S, B-WB1M-WPAN1, B-WL5M-SUBG1, NUCLEO-C031C6, NUCLEO-H503RB, NUCLEO-H563ZI, NUCLEO-U545RE-Q, NUCLEO-U5A5ZJ-Q, NUCLEO-WBA52CG, STEVAL-PROTEUS1, STEVAL-STWINBX1, STM320518-EVAL, STM32C0116-DK, STM32C011D6Y3TR, STM32C011D6Y6TR, STM32C011F4P3, STM32C011F4P6, STM32C011F4U3, STM32C011F4U6TR, STM32C011F6P3, STM32C011F6P6, STM32C011F6U3, STM32C011F6U6TR, STM32C011J4M3, STM32C011J4M6, STM32C011J6M3, STM32C011J6M6, STM32C0316-DK, STM32C031C4T3, STM32C031C4T6, STM32C031C4U3, STM32C031C4U6, STM32C031C6T3, STM32C031C6T6, STM32C031C6U3, STM32C031C6U6, STM32C031F4P3, STM32C031F4P6, STM32C031F6P3, STM32C031F6P6, STM32C031G4U3, STM32C031G4U6, STM32C031G6U3, STM32C031G6U6, STM32C031K4T3, STM32C031K4T6, STM32C031K4U3, STM32C031K4U6, STM32C031K6T3, STM32C031K6T6, STM32C031K6U3, STM32C031K6U6, STM32G071K8TXN, STM32G071K8UXN, STM32G081GBU6N, STM32G081KBT6N, STM32G081KBUXN, STM32G0B1CCT6N, STM32G0B1KCT6, STM32G0B1NEY6TR, STM32G0B1RCT6N, STM32G0C1CCT6, STM32G0C1CCT6N, STM32G0C1CCU6N, STM32G0C1CET6N, STM32G0C1CEU6N, STM32G0C1KCT6, STM32G0C1NEY6TR, STM32G0C1RCI6N, STM32G0C1RCT6N, STM32G0C1REI6N, STM32G0C1RET6N, STM32G0C1VCI6, STM32G0C1VEI6, STM32G471CCT6, STM32G471CCU6, STM32G471CET3, STM32G471CET6, STM32G471CEU3, STM32G471CEU6, STM32G471MCT6, STM32G471MET3, STM32G471MET6, STM32G471MEY6TR, STM32G471QCT6, STM32G471QET3, STM32G471RCT6, STM32G471RET3, STM32G471RET6, STM32G471VCH6, STM32G471VCI6, STM32G471VCT6, STM32G471VEH3, STM32G471VEH6, STM32G471VEI3, STM32G471VEI6, STM32G471VET3, STM32G471VET6, STM32G474CCT6, STM32H503CBT6, STM32H503CBU6, STM32H503EBY6TR, STM32H503KBU6, STM32H503RBT6, STM32H562AGI6, STM32H562AII6, STM32H562IGK6, STM32H562IGT6, STM32H562IIK6, STM32H562IIT6, STM32H562RGT6, STM32H562RGV6, STM32H562RIT6, STM32H562RIV6, STM32H562VGT6, STM32H562VIT6, STM32H562ZGT6, STM32H562ZIT6, STM32H563AGI6, STM32H563AII3Q, STM32H563AII6, STM32H563IGK6, STM32H563IGT6, STM32H563IIK3Q, STM32H563IIK6, STM32H563IIT3Q, STM32H563IIT6, STM32H563MIY3QTR, STM32H563RGT6, STM32H563RGV6, STM32H563RIT6, STM32H563RIV6, STM32H563VGT6, STM32H563VIT3Q, STM32H563VIT6, STM32H563ZGT6, STM32H563ZIT3Q, STM32H563ZIT6, STM32H573AII3Q, STM32H573AII6, STM32H573I-DK, STM32H573IIK3Q, STM32H573IIK6, STM32H573IIT3Q, STM32H573IIT6, STM32H573MIY3QTR, STM32H573RIT6, STM32H573RIV6, STM32H573VIT3Q, STM32H573VIT6, STM32H573ZIT3Q, STM32H573ZIT6, STM32L4R5QGI6STR, STM32MP131AAE3, STM32MP131AAF3, STM32MP131AAG3, STM32MP131CAE3, STM32MP131CAF3, STM32MP131CAG3, STM32MP131DAE7, STM32MP131DAF7, STM32MP131DAG7, STM32MP131FAE7, STM32MP131FAF7, STM32MP131FAG7, STM32MP133AAE3, STM32MP133AAF3, STM32MP133AAG3, STM32MP133CAE3, STM32MP133CAF3, STM32MP133CAG3, STM32MP133DAE7, STM32MP133DAF7, STM32MP133DAG7, STM32MP133FAE7, STM32MP133FAF7, STM32MP133FAG7, STM32MP135AAE3, STM32MP135AAF3, STM32MP135AAG3, STM32MP135CAE3, STM32MP135CAF3, STM32MP135CAG3, STM32MP135DAE7, STM32MP135DAF7, STM32MP135DAG7, STM32MP135F-DK, STM32MP135FAE7, STM32MP135FAF7, STM32MP135FAF7T, STM32MP135FAF7U, STM32MP135FAG7, STM32U535CBT6, STM32U535CBT6Q, STM32U535CBU6, STM32U535CBU6Q, STM32U535CCT6, STM32U535CCT6Q, STM32U535CCU6, STM32U535CCU6Q, STM32U535CET6, STM32U535CET6Q, STM32U535CEU6, STM32U535CEU6Q, STM32U535JEY6QTR, STM32U535NCY6QTR, STM32U535NEY6QTR, STM32U535RBI6, STM32U535RBI6Q, STM32U535RBT6, STM32U535RBT6Q, STM32U535RCI6, STM32U535RCI6Q, STM32U535RCT6, STM32U535RCT6Q, STM32U535REI6, STM32U535REI6Q, STM32U535RET6, STM32U535RET6Q, STM32U535VCI6, STM32U535VCI6Q, STM32U535VCT6, STM32U535VCT6Q, STM32U535VEI6, STM32U535VEI6Q, STM32U535VET6, STM32U535VET6Q, STM32U545CET6, STM32U545CET6Q, STM32U545CEU6, STM32U545CEU6Q, STM32U545JEY6QTR, STM32U545NEY6QTR, STM32U545REI6, STM32U545REI6Q, STM32U545RET6, STM32U545RET6Q, STM32U545VEI6, STM32U545VEI6Q, STM32U545VET6, STM32U545VET6Q, STM32U595AIH6, STM32U595AIH6Q, STM32U595AJH6, STM32U595AJH6Q, STM32U595QII6, STM32U595QII6Q, STM32U595QJI6, STM32U595QJI6Q, STM32U595RIT6, STM32U595RIT6Q, STM32U595RJT6, STM32U595RJT6Q, STM32U595VIT6, STM32U595VIT6Q, STM32U595VJT6, STM32U595VJT6Q, STM32U595ZIT6, STM32U595ZIT6Q, STM32U595ZIY6QTR, STM32U595ZJT6, STM32U595ZJT6Q, STM32U595ZJY6QTR, STM32U599BJY6QTR, STM32U599NIH6Q, STM32U599NJH6Q, STM32U599VIT6Q, STM32U599VJT6, STM32U599VJT6Q, STM32U599ZIT6Q, STM32U599ZIY6QTR, STM32U599ZJT6Q, STM32U599ZJY6QTR, STM32U5A5AJH6, STM32U5A5AJH6Q, STM32U5A5QJI6, STM32U5A5QJI6Q, STM32U5A5RJT6, STM32U5A5RJT6Q, STM32U5A5VJT6, STM32U5A5VJT6Q, STM32U5A5ZJT6, STM32U5A5ZJT6Q, STM32U5A5ZJY6QTR, STM32U5A9BJY6QTR, STM32U5A9J-DK, STM32U5A9NJH6Q, STM32U5A9VJT6Q, STM32U5A9ZJT6Q, STM32U5A9ZJY6QTR, STM32WB1MMCH6, STM32WBA52CEU6, STM32WBA52CEU6T, STM32WBA52CGU6, STM32WBA52CGU6T, STM32WL5MOCH6, STM32WL5MOCH6TR]
2023-03-27 23:14:32,512 [INFO] BoardInfo:880 - No configuration file found for board P-NUCLEO-WB55
2023-03-27 23:14:32,512 [INFO] DbBoards:157 - Kit is not supported: P-NUCLEO-WB55
2023-03-27 23:14:32,516 [INFO] BoardInfo:880 - No configuration file found for board STEVAL-BFA001V1B
2023-03-27 23:14:32,516 [INFO] DbBoards:157 - Kit is not supported: STEVAL-BFA001V1B
2023-03-27 23:14:32,517 [INFO] BoardInfo:880 - No configuration file found for board STEVAL-BFA001V2B
2023-03-27 23:14:32,517 [INFO] DbBoards:157 - Kit is not supported: STEVAL-BFA001V2B
2023-03-27 23:14:32,643 [INFO] DbBoards:161 - Found 187 boards, 184 are supported
2023-03-27 23:14:32,645 [INFO] ApiDb:414 - User favorites file not found: C:\Users\alexa/.stm32cubeide/favorites.boards.txt
2023-03-27 23:14:32,645 [INFO] DbBoards:190 - Set 0 / 0 favorites Boards
2023-03-27 23:14:32,648 [INFO] ApiDb:668 - CubeFinder database Data Model version=2.1
2023-03-27 23:14:32,648 [INFO] ApiDb:669 - CubeFinder database Configuration version=3.0.35
2023-03-27 23:14:32,648 [INFO] ApiDb:670 - CubeFinder database generation date=2023-03-10 (1678456172)
2023-03-27 23:14:32,648 [INFO] ApiDb:671 - CubeFinder database FW Pack versions=[FP-ATR-ASTRA1_V1.1.1, STM32Cube_FW_C0_V1.0.1, STM32Cube_FW_F0_V1.11.4, STM32Cube_FW_F3_V1.11.4, STM32Cube_FW_F4_V1.27.1, STM32Cube_FW_F7_V1.17.0, STM32Cube_FW_G0_V1.6.1, STM32Cube_FW_G4_V1.5.1, STM32Cube_FW_H5_V0.5.1, STM32Cube_FW_H5_V1.0.0, STM32Cube_FW_H7_V1.11.0, STM32Cube_FW_L0_V1.12.2, STM32Cube_FW_L5_V1.5.0, STM32Cube_FW_U5_V1.2.0, STM32Cube_FW_WBA_V1.0.0, STM32Cube_FW_WBA_V1.0.0RC1, STM32Cube_FW_WBA_V1.0.0RC3, STM32Cube_FW_WB_V1.15.0RC1, STM32Cube_FW_WB_V1.16.0, STM32Cube_FW_WB_V1.16.0RC2, STM32Cube_FW_WL_V1.3.0, X-CUBE-ALGOBUILD_V1.3.0, X-CUBE-ALS_V1.0.1, X-CUBE-AZRTOS-F4_V1.1.0, X-CUBE-AZRTOS-F7_V1.1.0, X-CUBE-AZRTOS-G0_V1.1.0, X-CUBE-AZRTOS-G4_V1.0.0, X-CUBE-AZRTOS-H7_V3.0.0, X-CUBE-AZRTOS-L4_V1.0.0, X-CUBE-AZRTOS-L5_V1.1.0, X-CUBE-AZRTOS-WB_V1.1.0, X-CUBE-AZRTOS-WL_V1.0.0, X-CUBE-BLE1_V6.2.4, X-CUBE-BLE2_V3.3.0, X-CUBE-BLEMGR_V1.3.0, X-CUBE-EEPRMA1_V4.1.0, X-CUBE-GNSS1_V6.0.0, X-CUBE-MEMS1_V9.1.0, X-CUBE-MEMS1_V9.4.0, X-CUBE-MEMS1_V9.5.0, X-CUBE-NFC4_V3.0.0, X-CUBE-NFC7_V1.0.0, X-CUBE-SFXS2LP1_V4.0.0, X-CUBE-SUBG2_V5.0.0]
2023-03-27 23:14:33,456 [INFO] DbExamplesSqlite:376 - Ignored 46 examples not supported by CubeIDE
2023-03-27 23:14:33,456 [INFO] DbExamplesSqlite:377 - Found 7328 examples active
2023-03-27 23:14:33,456 [INFO] DbExamplesSqlite:378 - Found 1095 examples obsolete
2023-03-27 23:14:33,456 [INFO] DbExamplesSqlite:379 - Found 0 examples under development
2023-03-27 23:14:33,457 [INFO] DbExamplesSqlite:380 - Found 77 examples not building
2023-03-27 23:14:33,458 [INFO] DbExamples:125 - Found 7359 examples
2023-03-27 23:14:33,467 [INFO] DbExamples:222 - Found 92 boards with related examples
2023-03-27 23:14:33,468 [INFO] DbExamples:235 - Found 78 MCUs with related examples
2023-03-27 23:14:33,485 [INFO] ApiDb:414 - User favorites file not found: C:\Users\alexa/.stm32cubeide/favorites.examples.txt
2023-03-27 23:14:33,486 [INFO] DbExamples:250 - Set 0 / 0 favorites Examples
2023-03-27 23:14:33,612 [INFO] McuFinderGlobals:66 - Set McuFinderConnectedMode to true
2023-03-27 23:14:33,619 [INFO] MultiScanPanel:200 - Auto-refresh data requested => check proxy status ongoing
2023-03-27 23:14:33,623 [INFO] FinderPluginLoader:95 - Searching for filters in installed packs
2023-03-27 23:14:34,941 [INFO] LoadUrlFilesThread:185 - End of LoadServerUrlFiles without Thread
2023-03-27 23:14:34,954 [INFO] DetailPanel:341 - Set advertising image to C:/Users/alexa/STM32Cube/Repository/\en.prom-stm32h5-mcu-finder.jpg
2023-03-27 23:19:12,791 [INFO] McuResultTable:1387 - Mark MCU STM32L433VCT6 as favorite
2023-03-27 23:19:23,531 [INFO] MainUpdater:2854 - connection check result : 10
2023-03-27 23:19:23,531 [INFO] MainUpdater:2854 - connection check result : 10
2023-03-27 23:19:23,557 [INFO] MicroXplorer:468 - Change Database Path : 
2023-03-27 23:19:23,557 [INFO] MicroXplorer:498 - Change Database Version : DB.6.0.80
2023-03-27 23:19:23,557 [WARN] ThirdParty:871 - waiting for thirdparty lock release [close project]
2023-03-27 23:19:23,557 [INFO] ThirdParty:873 - entering critical section [close project]
2023-03-27 23:19:23,558 [INFO] ThirdParty:883 - exiting critical section [close project]
2023-03-27 23:19:23,577 [INFO] PinOutPanel:1499 - setPackage(No Configuration,No Configuration)
2023-03-27 23:19:23,582 [INFO] UtilMem:75 - Begin LoadConfig() Used Memory: 443351256 Bytes (590348288)
2023-03-27 23:19:23,583 [INFO] MicroXplorer:468 - Change Database Path : 
2023-03-27 23:19:23,583 [INFO] MicroXplorer:498 - Change Database Version : DB.6.0.80
2023-03-27 23:19:23,584 [INFO] OpenFileManager:308 - Change cursor
2023-03-27 23:19:23,603 [WARN] IntegrityCheckThread:84 - waiting for thirdparty lock release [integrity check]
2023-03-27 23:19:23,603 [INFO] IntegrityCheckThread:86 - entering critical section [integrity check]
2023-03-27 23:19:23,751 [WARN] PackLoader:240 - Cannot read IP mode file for STMicroelectronics.X-CUBE-GNSS1.6.0.0
2023-03-27 23:19:23,778 [WARN] PackLoader:240 - Cannot read IP mode file for STMicroelectronics.X-CUBE-AZRTOS-F4.1.1.0
2023-03-27 23:19:23,821 [WARN] PackLoader:240 - Cannot read IP mode file for STMicroelectronics.X-CUBE-MEMS1.9.2.0
2023-03-27 23:19:24,000 [WARN] PackLoader:240 - Cannot read IP mode file for STMicroelectronics.X-CUBE-AZRTOS-F7.1.1.0
2023-03-27 23:19:24,015 [WARN] PackLoader:240 - Cannot read IP mode file for STMicroelectronics.X-CUBE-AI.7.1.0
2023-03-27 23:19:24,025 [WARN] PackLoader:240 - Cannot read IP mode file for STMicroelectronics.X-CUBE-TOUCHGFX.4.19.1
2023-03-27 23:19:24,036 [WARN] PackLoader:240 - Cannot read IP mode file for STMicroelectronics.X-CUBE-BLE1.6.2.3
2023-03-27 23:19:24,046 [WARN] PackLoader:240 - Cannot read IP mode file for STMicroelectronics.X-CUBE-BLE1.6.2.4
2023-03-27 23:19:24,060 [WARN] PackLoader:240 - Cannot read IP mode file for STMicroelectronics.X-CUBE-BLEMGR.2.0.0
2023-03-27 23:19:24,073 [WARN] PackLoader:240 - Cannot read IP mode file for STMicroelectronics.X-CUBE-NFC4.2.0.5
2023-03-27 23:19:24,084 [WARN] PackLoader:240 - Cannot read IP mode file for STMicroelectronics.X-CUBE-NFC4.2.0.4
2023-03-27 23:19:24,114 [WARN] PackLoader:240 - Cannot read IP mode file for STMicroelectronics.X-CUBE-BLE2.3.2.2
2023-03-27 23:19:24,127 [WARN] PackLoader:240 - Cannot read IP mode file for STMicroelectronics.X-CUBE-TOF1.3.1.0
2023-03-27 23:19:24,141 [WARN] PackLoader:240 - Cannot read IP mode file for STMicroelectronics.X-CUBE-SFXS2LP1.3.1.0
2023-03-27 23:19:24,146 [WARN] PackLoader:240 - Cannot read IP mode file for STMicroelectronics.X-CUBE-DISPLAY.3.0.0
2023-03-27 23:19:24,171 [WARN] PackLoader:240 - Cannot read IP mode file for STMicroelectronics.X-CUBE-AZRTOS-F4.1.0.0
2023-03-27 23:19:24,185 [WARN] PackLoader:240 - Cannot read IP mode file for STMicroelectronics.X-CUBE-NFC7.1.0.0
2023-03-27 23:19:24,228 [WARN] PackLoader:240 - Cannot read IP mode file for STMicroelectronics.X-CUBE-MEMS1.9.3.0
2023-03-27 23:19:24,327 [WARN] PackLoader:240 - Cannot read IP mode file for STMicroelectronics.X-CUBE-EEPRMA1.4.1.0
2023-03-27 23:19:24,339 [WARN] PackLoader:240 - Cannot read IP mode file for STMicroelectronics.X-CUBE-AI.7.2.0
2023-03-27 23:19:24,364 [WARN] PackLoader:240 - Cannot read IP mode file for STMicroelectronics.X-CUBE-AZRTOS-G0.1.0.0
2023-03-27 23:19:24,369 [WARN] PackLoader:240 - Cannot read IP mode file for WES.I-CUBE-Cesium.1.3.0
2023-03-27 23:19:24,378 [WARN] PackLoader:240 - Cannot read IP mode file for STMicroelectronics.X-CUBE-SFXS2LP1.4.0.0
2023-03-27 23:19:24,387 [WARN] PackLoader:240 - Cannot read IP mode file for STMicroelectronics.X-CUBE-BLE2.3.3.0
2023-03-27 23:19:24,396 [WARN] PackLoader:240 - Cannot read IP mode file for STMicroelectronics.X-CUBE-DISPLAY.2.2.0
2023-03-27 23:19:24,411 [WARN] PackLoader:240 - Cannot read IP mode file for STMicroelectronics.X-CUBE-TOF1.3.2.0
2023-03-27 23:19:24,435 [WARN] PackLoader:240 - Cannot read IP mode file for STMicroelectronics.X-CUBE-AZRTOS-H7.3.0.0
2023-03-27 23:19:24,445 [WARN] PackLoader:240 - Cannot read IP mode file for STMicroelectronics.X-CUBE-ISPU.1.0.0
2023-03-27 23:19:24,454 [WARN] PackLoader:240 - Cannot read IP mode file for STMicroelectronics.X-CUBE-ISPU.1.1.0
2023-03-27 23:19:24,465 [WARN] PackLoader:240 - Cannot read IP mode file for RoweBots.I-CUBE-UNISONRTOS.5.5.0-4
2023-03-27 23:19:24,486 [WARN] PackLoader:240 - Cannot read IP mode file for STMicroelectronics.X-CUBE-AZRTOS-H7.2.1.0
2023-03-27 23:19:24,491 [WARN] PackLoader:240 - Cannot read IP mode file for STMicroelectronics.X-CUBE-AI.8.0.0
2023-03-27 23:19:24,494 [WARN] PackLoader:240 - Cannot read IP mode file for STMicroelectronics.X-CUBE-FREERTOS.1.0.0
2023-03-27 23:19:24,496 [WARN] PackLoader:240 - Cannot read IP mode file for STMicroelectronics.X-CUBE-TOUCHGFX.4.21.3
2023-03-27 23:19:24,505 [WARN] PackLoader:240 - Cannot read IP mode file for STMicroelectronics.X-CUBE-BLEMGR.1.0.0
2023-03-27 23:19:24,542 [WARN] PackLoader:240 - Cannot read IP mode file for STMicroelectronics.X-CUBE-MEMS1.9.4.0
2023-03-27 23:19:24,655 [WARN] PackLoader:240 - Cannot read IP mode file for STMicroelectronics.X-CUBE-AI.7.3.0
2023-03-27 23:19:24,666 [WARN] PackLoader:240 - Cannot read IP mode file for STMicroelectronics.X-CUBE-ALGOBUILD.1.3.0
2023-03-27 23:19:24,688 [WARN] PackLoader:240 - Cannot read IP mode file for STMicroelectronics.X-CUBE-AZRTOS-L5.1.1.0
2023-03-27 23:19:24,711 [WARN] PackLoader:240 - Cannot read IP mode file for STMicroelectronics.X-CUBE-AZRTOS-G0.1.1.0
2023-03-27 23:19:24,728 [WARN] PackLoader:240 - Cannot read IP mode file for STMicroelectronics.X-CUBE-SUBG2.5.0.0
2023-03-27 23:19:24,734 [WARN] PackLoader:240 - Cannot read IP mode file for STMicroelectronics.X-CUBE-NFC4.3.0.0
2023-03-27 23:19:24,768 [WARN] PackLoader:240 - Cannot read IP mode file for SEGGER.I-CUBE-embOS.1.2.0
2023-03-27 23:19:24,802 [WARN] PackLoader:240 - Cannot read IP mode file for STMicroelectronics.X-CUBE-TOF1.3.3.0
2023-03-27 23:19:24,814 [WARN] PackLoader:240 - Cannot read IP mode file for STMicroelectronics.FP-ATR-ASTRA1.1.1.1
2023-03-27 23:19:24,843 [WARN] PackLoader:240 - Cannot read IP mode file for STMicroelectronics.FP-ATR-ASTRA1.1.1.0
2023-03-27 23:19:24,854 [WARN] PackLoader:240 - Cannot read IP mode file for STMicroelectronics.X-CUBE-BLEMGR.1.3.0
2023-03-27 23:19:24,884 [WARN] PackLoader:240 - Cannot read IP mode file for STMicroelectronics.X-CUBE-AZRTOS-G4.1.0.0
2023-03-27 23:19:24,893 [WARN] PackLoader:240 - Cannot read IP mode file for STMicroelectronics.FP-ATR-SIGFOX1.3.2.0
2023-03-27 23:19:24,905 [WARN] PackLoader:240 - Cannot read IP mode file for wolfSSL.I-CUBE-wolfSSL.5.3.0
2023-03-27 23:19:24,936 [WARN] PackLoader:240 - Cannot read IP mode file for STMicroelectronics.X-CUBE-AZRTOS-L4.1.0.0
2023-03-27 23:19:24,952 [WARN] PackLoader:240 - Cannot read IP mode file for emotas.I-CUBE-CANOPEN.1.1.2
2023-03-27 23:19:24,963 [WARN] PackLoader:240 - Cannot read IP mode file for STMicroelectronics.X-CUBE-TOUCHGFX.4.20.0
2023-03-27 23:19:24,997 [WARN] PackLoader:240 - Cannot read IP mode file for STMicroelectronics.X-CUBE-AZRTOS-F7.1.0.0
2023-03-27 23:19:25,025 [WARN] PackLoader:240 - Cannot read IP mode file for STMicroelectronics.X-CUBE-AZRTOS-WL.1.0.0
2023-03-27 23:19:25,038 [WARN] PackLoader:240 - Cannot read IP mode file for portGmbH.I-Cube-SoM-uGOAL.1.1.0
2023-03-27 23:19:25,050 [WARN] PackLoader:240 - Cannot read IP mode file for STMicroelectronics.X-CUBE-ALS.1.0.1
2023-03-27 23:19:25,083 [WARN] PackLoader:240 - Cannot read IP mode file for STMicroelectronics.X-CUBE-MEMS1.9.5.0
2023-03-27 23:19:25,188 [WARN] PackLoader:240 - Cannot read IP mode file for STMicroelectronics.X-CUBE-AZRTOS-WB.1.1.0
2023-03-27 23:19:25,231 [WARN] PackLoader:240 - Cannot read IP mode file for SEGGER.I-CUBE-embOS.1.3.1
2023-03-27 23:19:25,304 [WARN] PackLoader:240 - Cannot read IP mode file for STMicroelectronics.X-CUBE-AZRTOS-L5.1.0.0
2023-03-27 23:19:25,318 [WARN] PackLoader:240 - Cannot read IP mode file for STMicroelectronics.X-CUBE-EEPRMA1.3.1.1
2023-03-27 23:19:25,332 [WARN] PackLoader:240 - Cannot read IP mode file for STMicroelectronics.X-CUBE-GNSS1.5.2.0
2023-03-27 23:19:25,348 [WARN] PackLoader:240 - Cannot read IP mode file for STMicroelectronics.X-CUBE-TOF1.3.0.0
2023-03-27 23:19:25,351 [INFO] ThirdParty:978 - Integrity check success = true
2023-03-27 23:19:25,351 [INFO] IntegrityCheckThread:100 - exiting critical section [integrity check]
2023-03-27 23:19:25,351 [INFO] IntegrityCheckThread:103 - End integrity checks thread
2023-03-27 23:19:25,398 [INFO] Mcu:1937 - Initializing MCU STM32L433VCTx STM32L433VCTx 
2023-03-27 23:19:25,400 [INFO] Mcu:1950 - No CPN specified => set CPN to STM32L433VCT3
2023-03-27 23:19:27,209 [INFO] Context:659 - Trying to add GPIOservice into a context  which must be forbidden
2023-03-27 23:19:27,687 [INFO] ImportTextPane:194 - (OptionalMessage_ERROR) Unable to find key (Mcu.ThirdPartyNb) in loaded IOC file
2023-03-27 23:19:27,687 [INFO] ImportTextPane:194 - (OptionalMessage_ERROR) Unable to find key (Mcu.PinsNb) in loaded IOC file
2023-03-27 23:19:27,687 [INFO] ImportTextPane:194 - (OptionalMessage_ERROR) Unable to find key (Mcu.IPNb) in loaded IOC file
2023-03-27 23:19:28,082 [INFO] RtosManager:555 - Registered RTOS mode: class=CMSIS, group=RTOS, mode=CMSIS_V1, owner=FREERTOS
2023-03-27 23:19:28,082 [INFO] RtosManager:555 - Registered RTOS mode: class=CMSIS, group=RTOS2, mode=CMSIS_V2, owner=FREERTOS
2023-03-27 23:19:28,082 [INFO] RtosManager:555 - Registered RTOS mode: class=RTOS, group=Core, mode=CMSIS_V1, owner=FREERTOS
2023-03-27 23:19:28,083 [INFO] RtosManager:555 - Registered RTOS mode: class=RTOS, group=Core, mode=CMSIS_V2, owner=FREERTOS
2023-03-27 23:19:28,083 [WARN] ModelIntegratedComponent:184 - Missing modes for component STMicroelectronics:FreeRTOS:0.0.1:STMicroelectronics:RTOS:FreeRTOS:Core:::10.2.0:
2023-03-27 23:19:28,117 [WARN] ModelIntegratedComponent:63 - No mode defined for component null
2023-03-27 23:19:28,117 [WARN] ModelIntegratedComponent:63 - No mode defined for component null
2023-03-27 23:19:28,118 [WARN] ModelIntegratedComponent:63 - No mode defined for component null
2023-03-27 23:19:28,118 [WARN] ModelIntegratedComponent:63 - No mode defined for component null
2023-03-27 23:19:28,118 [WARN] ModelIntegratedComponent:63 - No mode defined for component null
2023-03-27 23:19:28,118 [WARN] ModelIntegratedComponent:63 - No mode defined for component null
2023-03-27 23:19:28,118 [WARN] ModelIntegratedComponent:63 - No mode defined for component null
2023-03-27 23:19:28,118 [WARN] ModelIntegratedComponent:63 - No mode defined for component null
2023-03-27 23:19:28,118 [WARN] ModelIntegratedComponent:63 - No mode defined for component null
2023-03-27 23:19:28,118 [WARN] ModelIntegratedComponent:63 - No mode defined for component null
2023-03-27 23:19:28,118 [WARN] ModelIntegratedComponent:63 - No mode defined for component null
2023-03-27 23:19:28,118 [WARN] ModelIntegratedComponent:63 - No mode defined for component null
2023-03-27 23:19:28,118 [WARN] ModelIntegratedComponent:63 - No mode defined for component null
2023-03-27 23:19:28,118 [WARN] ModelIntegratedComponent:63 - No mode defined for component null
2023-03-27 23:19:28,118 [WARN] ModelIntegratedComponent:63 - No mode defined for component null
2023-03-27 23:19:28,118 [WARN] ModelIntegratedComponent:63 - No mode defined for component null
2023-03-27 23:19:28,118 [WARN] ModelIntegratedComponent:63 - No mode defined for component null
2023-03-27 23:19:28,118 [WARN] ModelIntegratedComponent:63 - No mode defined for component null
2023-03-27 23:19:28,118 [WARN] ModelIntegratedComponent:63 - No mode defined for component null
2023-03-27 23:19:28,118 [WARN] ModelIntegratedComponent:63 - No mode defined for component null
2023-03-27 23:19:28,118 [WARN] ModelIntegratedComponent:63 - No mode defined for component null
2023-03-27 23:19:28,118 [WARN] ModelIntegratedComponent:63 - No mode defined for component null
2023-03-27 23:19:28,118 [WARN] ModelIntegratedComponent:63 - No mode defined for component null
2023-03-27 23:19:28,119 [WARN] ModelIntegratedComponent:63 - No mode defined for component null
2023-03-27 23:19:28,119 [WARN] ModelIntegratedComponent:63 - No mode defined for component null
2023-03-27 23:19:28,119 [WARN] ModelIntegratedComponent:63 - No mode defined for component null
2023-03-27 23:19:28,119 [WARN] ModelIntegratedComponent:63 - No mode defined for component null
2023-03-27 23:19:28,119 [WARN] ModelIntegratedComponent:63 - No mode defined for component null
2023-03-27 23:19:28,119 [WARN] ModelIntegratedComponent:63 - No mode defined for component null
2023-03-27 23:19:28,119 [WARN] ModelIntegratedComponent:63 - No mode defined for component null
2023-03-27 23:19:28,119 [WARN] ModelIntegratedComponent:63 - No mode defined for component null
2023-03-27 23:19:28,119 [WARN] ModelIntegratedComponent:63 - No mode defined for component null
2023-03-27 23:19:28,119 [WARN] ModelIntegratedComponent:63 - No mode defined for component null
2023-03-27 23:19:28,396 [INFO] ThirdPartyModel:298 - Start build external matchings
2023-03-27 23:19:30,309 [INFO] ThirdPartyModel:316 - End build external matchings
2023-03-27 23:19:30,650 [INFO] UtilMem:75 - End LoadConfig() Used Memory: 519746256 Bytes (590348288)
2023-03-27 23:19:30,786 [WARN] ThirdParty:833 - waiting for thirdparty lock release [change project]
2023-03-27 23:19:30,787 [INFO] ThirdParty:835 - entering critical section [change project]
2023-03-27 23:19:30,787 [INFO] ThirdParty:1030 - CMSIS Pack Vendor :STMicroelectronics X-CUBE-ISPU 1.1.0
2023-03-27 23:19:30,787 [INFO] ThirdParty:1030 - CMSIS Pack Vendor :RoweBots I-CUBE-UNISONRTOS 5.5.0-4
2023-03-27 23:19:30,787 [INFO] ThirdParty:1030 - CMSIS Pack Vendor :STMicroelectronics X-CUBE-GNSS1 6.0.0
2023-03-27 23:19:30,787 [INFO] ThirdParty:1030 - CMSIS Pack Vendor :STMicroelectronics X-CUBE-AZRTOS-H7 2.1.0
2023-03-27 23:19:30,787 [INFO] ThirdParty:1030 - CMSIS Pack Vendor :STMicroelectronics USB_HOST 2.0.0
2023-03-27 23:19:30,787 [INFO] ThirdParty:1030 - CMSIS Pack Vendor :STMicroelectronics X-CUBE-AZRTOS-F4 1.1.0
2023-03-27 23:19:30,787 [INFO] ThirdParty:1030 - CMSIS Pack Vendor :STMicroelectronics LIBJPEG 8.0.0
2023-03-27 23:19:30,787 [INFO] ThirdParty:1030 - CMSIS Pack Vendor :STMicroelectronics USB_DEVICE 3.0.0
2023-03-27 23:19:30,787 [INFO] ThirdParty:1030 - CMSIS Pack Vendor :STMicroelectronics X-CUBE-AI 8.0.0
2023-03-27 23:19:30,787 [INFO] ThirdParty:1030 - CMSIS Pack Vendor :STMicroelectronics X-CUBE-FREERTOS 1.0.0
2023-03-27 23:19:30,787 [INFO] ThirdParty:1030 - CMSIS Pack Vendor :STMicroelectronics X-CUBE-TOUCHGFX 4.21.3
2023-03-27 23:19:30,787 [INFO] ThirdParty:1030 - CMSIS Pack Vendor :STMicroelectronics X-CUBE-BLEMGR 1.0.0
2023-03-27 23:19:30,787 [INFO] ThirdParty:1030 - CMSIS Pack Vendor :STMicroelectronics X-CUBE-MEMS1 9.2.0
2023-03-27 23:19:30,787 [INFO] ThirdParty:1030 - CMSIS Pack Vendor :STMicroelectronics X-CUBE-AZRTOS-F7 1.1.0
2023-03-27 23:19:30,787 [INFO] ThirdParty:1030 - CMSIS Pack Vendor :STMicroelectronics X-CUBE-MEMS1 9.4.0
2023-03-27 23:19:30,788 [INFO] ThirdParty:1030 - CMSIS Pack Vendor :STMicroelectronics USB_DEVICE 2.0.0
2023-03-27 23:19:30,788 [INFO] ThirdParty:1030 - CMSIS Pack Vendor :STMicroelectronics X-CUBE-AI 7.3.0
2023-03-27 23:19:30,788 [INFO] ThirdParty:1030 - CMSIS Pack Vendor :STMicroelectronics X-CUBE-AI 7.1.0
2023-03-27 23:19:30,788 [INFO] ThirdParty:1030 - CMSIS Pack Vendor :STMicroelectronics X-CUBE-TOUCHGFX 4.19.1
2023-03-27 23:19:30,788 [INFO] ThirdParty:1030 - CMSIS Pack Vendor :STMicroelectronics X-CUBE-BLE1 6.2.3
2023-03-27 23:19:30,788 [INFO] ThirdParty:1030 - CMSIS Pack Vendor :STMicroelectronics X-CUBE-ALGOBUILD 1.3.0
2023-03-27 23:19:30,788 [INFO] ThirdParty:1030 - CMSIS Pack Vendor :STMicroelectronics X-CUBE-BLE1 6.2.4
2023-03-27 23:19:30,788 [INFO] ThirdParty:1030 - CMSIS Pack Vendor :STMicroelectronics X-CUBE-AZRTOS-L5 1.1.0
2023-03-27 23:19:30,788 [INFO] ThirdParty:1030 - CMSIS Pack Vendor :STMicroelectronics FreeRTOS 0.0.1
2023-03-27 23:19:30,788 [INFO] ThirdParty:1030 - CMSIS Pack Vendor :STMicroelectronics X-CUBE-AZRTOS-G0 1.1.0
2023-03-27 23:19:30,788 [INFO] ThirdParty:1030 - CMSIS Pack Vendor :STMicroelectronics X-CUBE-BLEMGR 2.0.0
2023-03-27 23:19:30,788 [INFO] ThirdParty:1030 - CMSIS Pack Vendor :STMicroelectronics X-CUBE-SUBG2 5.0.0
2023-03-27 23:19:30,788 [INFO] ThirdParty:1030 - CMSIS Pack Vendor :STMicroelectronics X-CUBE-NFC4 3.0.0
2023-03-27 23:19:30,788 [INFO] ThirdParty:1030 - CMSIS Pack Vendor :SEGGER I-CUBE-embOS 1.2.0
2023-03-27 23:19:30,788 [INFO] ThirdParty:1030 - CMSIS Pack Vendor :STMicroelectronics STM32_WPAN 1.0.0
2023-03-27 23:19:30,788 [INFO] ThirdParty:1030 - CMSIS Pack Vendor :STMicroelectronics lwIP 2.0.3
2023-03-27 23:19:30,788 [INFO] ThirdParty:1030 - CMSIS Pack Vendor :STMicroelectronics X-CUBE-NFC4 2.0.5
2023-03-27 23:19:30,789 [INFO] ThirdParty:1030 - CMSIS Pack Vendor :STMicroelectronics X-CUBE-NFC4 2.0.4
2023-03-27 23:19:30,789 [INFO] ThirdParty:1030 - CMSIS Pack Vendor :STMicroelectronics X-CUBE-BLE2 3.2.2
2023-03-27 23:19:30,789 [INFO] ThirdParty:1030 - CMSIS Pack Vendor :STMicroelectronics USB_HOST 1.0.0
2023-03-27 23:19:30,789 [INFO] ThirdParty:1030 - CMSIS Pack Vendor :STMicroelectronics PDM2PCM 3.1.0
2023-03-27 23:19:30,789 [INFO] ThirdParty:1030 - CMSIS Pack Vendor :STMicroelectronics X-CUBE-TOF1 3.3.0
2023-03-27 23:19:30,789 [INFO] ThirdParty:1030 - CMSIS Pack Vendor :STMicroelectronics FP-ATR-ASTRA1 1.1.1
2023-03-27 23:19:30,790 [INFO] ThirdParty:1030 - CMSIS Pack Vendor :STMicroelectronics PDM2PCM 3.3.0
2023-03-27 23:19:30,790 [INFO] ThirdParty:1030 - CMSIS Pack Vendor :STMicroelectronics X-CUBE-TOF1 3.1.0
2023-03-27 23:19:30,790 [INFO] ThirdParty:1030 - CMSIS Pack Vendor :STMicroelectronics X-CUBE-SFXS2LP1 3.1.0
2023-03-27 23:19:30,790 [INFO] ThirdParty:1030 - CMSIS Pack Vendor :STMicroelectronics FP-ATR-ASTRA1 1.1.0
2023-03-27 23:19:30,790 [INFO] ThirdParty:1030 - CMSIS Pack Vendor :STMicroelectronics X-CUBE-DISPLAY 3.0.0
2023-03-27 23:19:30,790 [INFO] ThirdParty:1030 - CMSIS Pack Vendor :STMicroelectronics X-CUBE-BLEMGR 1.3.0
2023-03-27 23:19:30,790 [INFO] ThirdParty:1030 - CMSIS Pack Vendor :STMicroelectronics X-CUBE-AZRTOS-F4 1.0.0
2023-03-27 23:19:30,790 [INFO] ThirdParty:1030 - CMSIS Pack Vendor :STMicroelectronics X-CUBE-AZRTOS-G4 1.0.0
2023-03-27 23:19:30,790 [INFO] ThirdParty:1030 - CMSIS Pack Vendor :STMicroelectronics FP-ATR-SIGFOX1 3.2.0
2023-03-27 23:19:30,790 [INFO] ThirdParty:1030 - CMSIS Pack Vendor :wolfSSL I-CUBE-wolfSSL 5.3.0
2023-03-27 23:19:30,790 [INFO] ThirdParty:1030 - CMSIS Pack Vendor :STMicroelectronics X-CUBE-AZRTOS-L4 1.0.0
2023-03-27 23:19:30,790 [INFO] ThirdParty:1030 - CMSIS Pack Vendor :STMicroelectronics HAL Drivers 0.0.0
2023-03-27 23:19:30,790 [INFO] ThirdParty:1030 - CMSIS Pack Vendor :STMicroelectronics MBEDTLS 2.16.2
2023-03-27 23:19:30,790 [INFO] ThirdParty:1030 - CMSIS Pack Vendor :emotas I-CUBE-CANOPEN 1.1.2
2023-03-27 23:19:30,790 [INFO] ThirdParty:1030 - CMSIS Pack Vendor :STMicroelectronics X-CUBE-TOUCHGFX 4.20.0
2023-03-27 23:19:30,790 [INFO] ThirdParty:1030 - CMSIS Pack Vendor :STMicroelectronics MBEDTLS 2.14.1
2023-03-27 23:19:30,791 [INFO] ThirdParty:1030 - CMSIS Pack Vendor :STMicroelectronics X-CUBE-NFC7 1.0.0
2023-03-27 23:19:30,791 [INFO] ThirdParty:1030 - CMSIS Pack Vendor :STMicroelectronics X-CUBE-AZRTOS-F7 1.0.0
2023-03-27 23:19:30,791 [INFO] ThirdParty:1030 - CMSIS Pack Vendor :STMicroelectronics X-CUBE-AZRTOS-WL 1.0.0
2023-03-27 23:19:30,791 [INFO] ThirdParty:1030 - CMSIS Pack Vendor :STMicroelectronics X-CUBE-MEMS1 9.3.0
2023-03-27 23:19:30,791 [INFO] ThirdParty:1030 - CMSIS Pack Vendor :STMicroelectronics X-CUBE-EEPRMA1 4.1.0
2023-03-27 23:19:30,791 [INFO] ThirdParty:1030 - CMSIS Pack Vendor :portGmbH I-Cube-SoM-uGOAL 1.1.0
2023-03-27 23:19:30,791 [INFO] ThirdParty:1030 - CMSIS Pack Vendor :STMicroelectronics X-CUBE-ALS 1.0.1
2023-03-27 23:19:30,791 [INFO] ThirdParty:1030 - CMSIS Pack Vendor :STMicroelectronics X-CUBE-AI 7.2.0
2023-03-27 23:19:30,791 [INFO] ThirdParty:1030 - CMSIS Pack Vendor :STMicroelectronics X-CUBE-MEMS1 9.5.0
2023-03-27 23:19:30,791 [INFO] ThirdParty:1030 - CMSIS Pack Vendor :STMicroelectronics ThreadX 1.0.0
2023-03-27 23:19:30,791 [INFO] ThirdParty:1030 - CMSIS Pack Vendor :STMicroelectronics X-CUBE-AZRTOS-WB 1.1.0
2023-03-27 23:19:30,791 [INFO] ThirdParty:1030 - CMSIS Pack Vendor :SEGGER I-CUBE-embOS 1.3.1
2023-03-27 23:19:30,791 [INFO] ThirdParty:1030 - CMSIS Pack Vendor :STMicroelectronics X-CUBE-AZRTOS-L5 1.0.0
2023-03-27 23:19:30,791 [INFO] ThirdParty:1030 - CMSIS Pack Vendor :STMicroelectronics USB_DEVICE 1.0.0
2023-03-27 23:19:30,791 [INFO] ThirdParty:1030 - CMSIS Pack Vendor :STMicroelectronics X-CUBE-AZRTOS-G0 1.0.0
2023-03-27 23:19:30,791 [INFO] ThirdParty:1030 - CMSIS Pack Vendor :STMicroelectronics X-CUBE-EEPRMA1 3.1.1
2023-03-27 23:19:30,791 [INFO] ThirdParty:1030 - CMSIS Pack Vendor :STMicroelectronics X-CUBE-GNSS1 5.2.0
2023-03-27 23:19:30,792 [INFO] ThirdParty:1030 - CMSIS Pack Vendor :STMicroelectronics ThreadX 0.0.2
2023-03-27 23:19:30,792 [INFO] ThirdParty:1030 - CMSIS Pack Vendor :WES I-CUBE-Cesium 1.3.0
2023-03-27 23:19:30,792 [INFO] ThirdParty:1030 - CMSIS Pack Vendor :STMicroelectronics lwIP 2.1.2
2023-03-27 23:19:30,792 [INFO] ThirdParty:1030 - CMSIS Pack Vendor :STMicroelectronics X-CUBE-SFXS2LP1 4.0.0
2023-03-27 23:19:30,792 [INFO] ThirdParty:1030 - CMSIS Pack Vendor :STMicroelectronics X-CUBE-BLE2 3.3.0
2023-03-27 23:19:30,792 [INFO] ThirdParty:1030 - CMSIS Pack Vendor :STMicroelectronics X-CUBE-DISPLAY 2.2.0
2023-03-27 23:19:30,792 [INFO] ThirdParty:1030 - CMSIS Pack Vendor :STMicroelectronics X-CUBE-TOF1 3.2.0
2023-03-27 23:19:30,792 [INFO] ThirdParty:1030 - CMSIS Pack Vendor :STMicroelectronics PDM2PCM 3.2.0
2023-03-27 23:19:30,792 [INFO] ThirdParty:1030 - CMSIS Pack Vendor :STMicroelectronics X-CUBE-AZRTOS-H7 3.0.0
2023-03-27 23:19:30,792 [INFO] ThirdParty:1030 - CMSIS Pack Vendor :STMicroelectronics X-CUBE-TOF1 3.0.0
2023-03-27 23:19:30,792 [INFO] ThirdParty:1030 - CMSIS Pack Vendor :STMicroelectronics X-CUBE-ISPU 1.0.0
2023-03-27 23:19:30,792 [INFO] ThirdParty:841 - exiting critical section [change project]
2023-03-27 23:19:31,196 [INFO] PinOutPanel:1499 - setPackage(No Configuration,No Configuration)
2023-03-27 23:19:31,197 [INFO] PinOutPanel:1499 - setPackage(STM32L433VCTx,LQFP100)
2023-03-27 23:19:31,959 [INFO] UtilMem:75 - Before build in PCC Used Memory: 507559960 Bytes (590348288)
2023-03-27 23:19:32,829 [INFO] UtilMem:75 - After build in PCC Used Memory: 495501296 Bytes (590348288)
2023-03-27 23:19:32,864 [INFO] IPUIPlugin:80 - create IPUIPlugin
2023-03-27 23:19:32,864 [INFO] IPUIPlugin:80 - create IPUIPlugin
2023-03-27 23:19:32,864 [INFO] IPUIPlugin:80 - create IPUIPlugin
2023-03-27 23:19:32,864 [INFO] IPUIPlugin:80 - create IPUIPlugin
2023-03-27 23:19:32,864 [INFO] IPUIPlugin:80 - create IPUIPlugin
2023-03-27 23:19:32,865 [INFO] IPUIPlugin:80 - create IPUIPlugin
2023-03-27 23:19:32,865 [INFO] IPUIPlugin:80 - create IPUIPlugin
2023-03-27 23:19:32,865 [INFO] IPUIPlugin:80 - create IPUIPlugin
2023-03-27 23:19:32,865 [INFO] IPUIPlugin:80 - create IPUIPlugin
2023-03-27 23:19:32,865 [INFO] IPUIPlugin:80 - create IPUIPlugin
2023-03-27 23:19:32,866 [INFO] IPUIPlugin:80 - create IPUIPlugin
2023-03-27 23:19:32,866 [INFO] IPUIPlugin:80 - create IPUIPlugin
2023-03-27 23:19:32,866 [INFO] IPUIPlugin:80 - create IPUIPlugin
2023-03-27 23:19:32,866 [INFO] IPUIPlugin:80 - create IPUIPlugin
2023-03-27 23:19:32,867 [INFO] IPUIPlugin:80 - create IPUIPlugin
2023-03-27 23:19:32,867 [INFO] IPUIPlugin:80 - create IPUIPlugin
2023-03-27 23:19:32,867 [INFO] IPUIPlugin:80 - create IPUIPlugin
2023-03-27 23:19:32,868 [INFO] IPUIPlugin:80 - create IPUIPlugin
2023-03-27 23:19:32,868 [INFO] IPUIPlugin:80 - create IPUIPlugin
2023-03-27 23:19:32,868 [INFO] IPUIPlugin:80 - create IPUIPlugin
2023-03-27 23:19:32,869 [INFO] IPUIPlugin:80 - create IPUIPlugin
2023-03-27 23:19:32,869 [INFO] IPUIPlugin:80 - create IPUIPlugin
2023-03-27 23:19:32,869 [INFO] IPUIPlugin:80 - create IPUIPlugin
2023-03-27 23:19:32,869 [INFO] IPUIPlugin:80 - create IPUIPlugin
2023-03-27 23:19:32,869 [INFO] IPUIPlugin:80 - create IPUIPlugin
2023-03-27 23:19:32,870 [INFO] IPUIPlugin:80 - create IPUIPlugin
2023-03-27 23:19:32,870 [INFO] IPUIPlugin:80 - create IPUIPlugin
2023-03-27 23:19:32,871 [INFO] IPUIPlugin:80 - create IPUIPlugin
2023-03-27 23:19:32,871 [INFO] IPUIPlugin:80 - create IPUIPlugin
2023-03-27 23:19:32,872 [INFO] IPUIPlugin:80 - create IPUIPlugin
2023-03-27 23:19:32,872 [INFO] IPUIPlugin:80 - create IPUIPlugin
2023-03-27 23:19:32,873 [INFO] IPUIPlugin:80 - create IPUIPlugin
2023-03-27 23:19:32,873 [INFO] IPUIPlugin:80 - create IPUIPlugin
2023-03-27 23:19:32,873 [INFO] IPUIPlugin:80 - create IPUIPlugin
2023-03-27 23:19:32,874 [INFO] IPUIPlugin:80 - create IPUIPlugin
2023-03-27 23:19:32,874 [INFO] IPUIPlugin:80 - create IPUIPlugin
2023-03-27 23:19:32,874 [INFO] IPUIPlugin:80 - create IPUIPlugin
2023-03-27 23:19:32,875 [INFO] IPUIPlugin:80 - create IPUIPlugin
2023-03-27 23:19:32,875 [INFO] IPUIPlugin:80 - create IPUIPlugin
2023-03-27 23:19:32,875 [INFO] IPUIPlugin:80 - create IPUIPlugin
2023-03-27 23:19:32,876 [INFO] IPUIPlugin:80 - create IPUIPlugin
2023-03-27 23:19:32,876 [INFO] IPUIPlugin:80 - create IPUIPlugin
2023-03-27 23:19:32,877 [INFO] IPUIPlugin:80 - create IPUIPlugin
2023-03-27 23:19:32,877 [INFO] IPUIPlugin:80 - create IPUIPlugin
2023-03-27 23:19:32,878 [INFO] IPUIPlugin:80 - create IPUIPlugin
2023-03-27 23:19:32,883 [INFO] IPUIPlugin:80 - create IPUIPlugin
2023-03-27 23:19:33,075 [INFO] CADModel:165 - CPN selected for project levelSTM32L433VCT3
2023-03-27 23:19:33,075 [INFO] CADModel:114 - Register for checkConnection events
2023-03-27 23:19:33,128 [INFO] OpenFileManager:328 - Restore cursor
2023-03-27 23:19:33,890 [INFO] UtilMem:75 - End SaveConfig() Used Memory: 504638304 Bytes (590348288)
2023-03-27 23:19:35,287 [INFO] ServerAccessManage:473 - Download File stm32cube_fw_l4_v1170.zip
2023-03-27 23:26:24,707 [ERROR] FileExtend:455 - File entry not found
2023-03-27 23:26:24,708 [INFO] FileExtend:240 - Unzip File : stm32cube_fw_l4_v1170.zip
2023-03-27 23:26:24,708 [INFO] FileExtend:255 - Standard Zip Deflate
2023-03-27 23:27:15,360 [INFO] ServerAccessManage:473 - Download File stm32cube_fw_l4_v1172.zip
2023-03-27 23:28:06,983 [INFO] FileExtend:240 - Unzip File : stm32cube_fw_l4_v1172.zip
2023-03-27 23:28:06,983 [INFO] FileExtend:255 - Standard Zip Deflate
2023-03-27 23:28:40,070 [INFO] LoadServerPackagesThread:196 - End of LoadServerPackages Thread
2023-03-27 23:28:40,236 [INFO] ThirdPartyModel:298 - Start build external matchings
2023-03-27 23:28:40,242 [INFO] UtilMem:75 - End SaveConfig() Used Memory: 384012832 Bytes (812646400)
2023-03-27 23:28:40,897 [INFO] BlockDiagram:2759 - set Specific Code input for plugin: NVIC
2023-03-27 23:28:40,898 [INFO] BlockDiagram:2759 - set Specific Code input for plugin: RCC
2023-03-27 23:28:40,901 [INFO] CodeGenerator:793 - code generatio: config db path: C:\ST\STM32CubeIDE_1.9.0\STM32CubeIDE\plugins\com.st.stm32cube.common.mx_6.8.0.202302231600\\db\
2023-03-27 23:28:41,305 [INFO] CodeEngine:255 - oldGeneratedFile, C:\Users\alexa\Documents\git\groundhog-lite\src\fw_bringup\MXTmpFiles\license.tmp_save
2023-03-27 23:28:41,768 [INFO] CodeEngine:279 - Generated code: C:\Users\alexa\Documents\git\groundhog-lite\src\fw_bringup\MXTmpFiles\license.tmp
2023-03-27 23:28:41,783 [INFO] CodeEngine:255 - oldGeneratedFile, C:\Users\alexa\Documents\git\groundhog-lite\src\fw_bringup\Core\Src\stm32l4xx_it.c_save
2023-03-27 23:28:41,985 [INFO] CodeEngine:279 - Generated code: C:\Users\alexa\Documents\git\groundhog-lite\src\fw_bringup\Core\Src\stm32l4xx_it.c
2023-03-27 23:28:41,991 [INFO] CodeEngine:255 - oldGeneratedFile, C:\Users\alexa\Documents\git\groundhog-lite\src\fw_bringup\Core\Inc\stm32l4xx_it.h_save
2023-03-27 23:28:42,125 [INFO] CodeEngine:279 - Generated code: C:\Users\alexa\Documents\git\groundhog-lite\src\fw_bringup\Core\Inc\stm32l4xx_it.h
2023-03-27 23:28:42,307 [INFO] CodeEngine:255 - oldGeneratedFile, C:\Users\alexa\Documents\git\groundhog-lite\src\fw_bringup\Core\Src\stm32l4xx_hal_msp.c_save
2023-03-27 23:28:42,543 [INFO] ThirdPartyModel:316 - End build external matchings
2023-03-27 23:28:42,580 [INFO] CodeEngine:279 - Generated code: C:\Users\alexa\Documents\git\groundhog-lite\src\fw_bringup\Core\Src\stm32l4xx_hal_msp.c
2023-03-27 23:28:42,586 [INFO] CodeEngine:255 - oldGeneratedFile, C:\Users\alexa\Documents\git\groundhog-lite\src\fw_bringup\MXTmpFiles\system.tmp_save
2023-03-27 23:28:42,593 [INFO] CheckServerUpdateThread:120 - End of CheckServer Thread
2023-03-27 23:28:42,658 [INFO] CodeEngine:279 - Generated code: C:\Users\alexa\Documents\git\groundhog-lite\src\fw_bringup\MXTmpFiles\system.tmp
2023-03-27 23:28:42,667 [INFO] CodeEngine:311 - oldGeneratedFile, C:\Users\alexa\Documents\git\groundhog-lite\src\fw_bringup\Core\Inc\stm32l4xx_hal_conf.h_save
2023-03-27 23:28:42,786 [INFO] CodeEngine:335 - Generated code: C:\Users\alexa\Documents\git\groundhog-lite\src\fw_bringup\Core\Inc\stm32l4xx_hal_conf.h
2023-03-27 23:28:42,836 [INFO] CodeEngine:255 - oldGeneratedFile, C:\Users\alexa\Documents\git\groundhog-lite\src\fw_bringup\Core\Inc\main.h_save
2023-03-27 23:28:42,969 [INFO] CodeEngine:279 - Generated code: C:\Users\alexa\Documents\git\groundhog-lite\src\fw_bringup\Core\Inc\main.h
2023-03-27 23:28:42,974 [INFO] CodeEngine:255 - oldGeneratedFile, C:\Users\alexa\Documents\git\groundhog-lite\src\fw_bringup\Core\Src\main.c_save
2023-03-27 23:28:43,143 [INFO] CodeEngine:279 - Generated code: C:\Users\alexa\Documents\git\groundhog-lite\src\fw_bringup\Core\Src\main.c
2023-03-27 23:28:43,720 [INFO] ProjectBuilder:2996 - Time for Copy HAL[1] : 125mS.
2023-03-27 23:28:43,736 [INFO] ProjectBuilder:4304 - Project Generator version: 3.19.2
2023-03-27 23:28:44,211 [INFO] ConfigFileManager:1483 - The Die is : DIE435
2023-03-27 23:28:44,226 [INFO] ApiDbMcu:507 - Load IP Config File for FATFS
2023-03-27 23:28:44,237 [INFO] ApiDbMcu:507 - Load IP Config File for FREERTOS
2023-03-27 23:28:44,258 [INFO] ApiDbMcu:507 - Load IP Config File for TOUCHSENSING
2023-03-27 23:28:44,268 [INFO] ApiDbMcu:507 - Load IP Config File for USB_DEVICE
2023-03-27 23:28:45,076 [INFO] LogOutputStream:77 - [STDOUT_REDIRECT] 
2023-03-27 23:28:47,776 [INFO] ProjectBuilder:4505 - Time for Generating toolchain IDE Files: 4038mS.
2023-03-27 23:28:47,777 [INFO] ProjectBuilder:2867 - Time for Copy CMSIS : 0mS.
2023-03-27 23:28:47,780 [INFO] ProjectBuilder:2867 - Time for Copy CMSIS : 1mS.
2023-03-27 23:28:48,110 [INFO] McuFinderGlobals:66 - Set McuFinderConnectedMode to true
2023-03-27 23:28:48,114 [INFO] ApiDb:448 - Save user favorites file C:\Users\alexa/.stm32cubeide/favorites.mcus.txt: 2 item(s)
2023-03-27 23:28:48,115 [INFO] ApiDb:452 - User favorites MCUs=[STM32F302C8T6, STM32L433VCT6]
